<?xml version="1.0" encoding="UTF-8"?>
<testsuites name="Verify plans" time="43" tests="2" failures="0" errors="0">
   <testsuite name="Verify plans" tests="2" failures="0" errors="0" time="43" timestamp="2018-11-16 17:50:27" hostname="rkulkarn - 41XHMV1-E6330.callidussoftware.com" id="Test Suites/Verify plans">
      <properties>
         <property name="deviceName" value=""/>
         <property name="devicePlatform" value=""/>
         <property name="logFolder" value="C:\\Users\\rkulkarn\\Katalon Studio\\Dashboard_Lenovo\\Reports\\Verify plans\\20181116_175021"/>
         <property name="logFiles" value="C:\\Users\\rkulkarn\\Katalon Studio\\Dashboard_Lenovo\\Reports\\Verify plans\\20181116_175021\\execution0.log"/>
         <property name="attachments" value=""/>
         <property name="hostName" value="rkulkarn - 41XHMV1-E6330.callidussoftware.com"/>
         <property name="os" value="Windows 10 64bit"/>
         <property name="katalonVersion" value="5.7.0.1"/>
         <property name="browser" value="Firefox 62.0"/>
         <property name="hostAddress" value="192.168.245.23"/>
         <property name="sessionId" value="910ead2e-a85c-4a3f-8187-bf3518c1ea18"/>
         <property name="seleniumVersion" value="3.7.1"/>
         <property name="proxyInformation" value="ProxyInformation{proxyOption=NO_PROXY, proxyServerType=HTTP, password=, proxyServerAddress=, proxyServerPort=0}"/>
         <property name="platform" value="Windows 10"/>
      </properties>
      <testcase name="Test Cases/Dashboard_Lenovo/Dashboard_login" classname="Test Cases/Dashboard_Lenovo/Dashboard_login" status="PASSED">
         <system-out><![CDATA[2018-11-16 17:50:27 - [TEST_CASE][PASSED] - Test Cases/Dashboard_Lenovo/Dashboard_login: Test Cases/Dashboard_Lenovo/Dashboard_login

2018-11-16 17:50:28 - [TEST_STEP][PASSED] - openBrowser: Browser is opened with url: ''

2018-11-16 17:50:36 - [MESSAGE][PASSED] - Browser is opened with url: ''

2018-11-16 17:50:36 - [TEST_STEP][PASSED] - navigateToUrl: Navigate to 'https://lnvo-muat.callidusondemand.com/SalesPortal/#!/' successfully

2018-11-16 17:50:43 - [MESSAGE][PASSED] - Navigate to 'https://lnvo-muat.callidusondemand.com/SalesPortal/#!/' successfully

2018-11-16 17:50:43 - [TEST_STEP][PASSED] - maximizeWindow: Current window maximized

2018-11-16 17:50:47 - [MESSAGE][PASSED] - Current window maximized

2018-11-16 17:50:47 - [TEST_STEP][PASSED] - delay: Delayed 3 second(s)

2018-11-16 17:50:50 - [MESSAGE][PASSED] - Delayed 3 second(s)

2018-11-16 17:50:50 - [TEST_STEP][PASSED] - setText: Text 'sapattna' is set on object 'Object Repository/Dashboard_login/input_username'

2018-11-16 17:50:50 - [MESSAGE][PASSED] - Text 'sapattna' is set on object 'Object Repository/Dashboard_login/input_username'

2018-11-16 17:50:50 - [TEST_STEP][PASSED] - delay: Delayed 3 second(s)

2018-11-16 17:50:53 - [MESSAGE][PASSED] - Delayed 3 second(s)

2018-11-16 17:50:53 - [TEST_STEP][PASSED] - setText: Text 'Callidus123' is set on object 'Object Repository/Dashboard_login/input_password'

2018-11-16 17:50:53 - [MESSAGE][PASSED] - Text 'Callidus123' is set on object 'Object Repository/Dashboard_login/input_password'

2018-11-16 17:50:53 - [TEST_STEP][PASSED] - click: Object: 'Object Repository/Dashboard_login/button_Login' is clicked on

2018-11-16 17:50:54 - [MESSAGE][PASSED] - Object: 'Object Repository/Dashboard_login/button_Login' is clicked on]]></system-out>
         <system-err><![CDATA[]]></system-err>
      </testcase>
      <testcase name="Test Cases/Dashboard_Lenovo/Dashboard_Plans" classname="Test Cases/Dashboard_Lenovo/Dashboard_Plans" status="PASSED">
         <system-out><![CDATA[2018-11-16 17:50:54 - [TEST_CASE][PASSED] - Test Cases/Dashboard_Lenovo/Dashboard_Plans: Test Cases/Dashboard_Lenovo/Dashboard_Plans

2018-11-16 17:50:54 - [TEST_STEP][PASSED] - click: Object: 'Object Repository/Dashboard_Plan/a_Dashboards' is clicked on

2018-11-16 17:50:59 - [MESSAGE][PASSED] - Object: 'Object Repository/Dashboard_Plan/a_Dashboards' is clicked on

2018-11-16 17:50:59 - [TEST_STEP][PASSED] - delay: Delayed 3 second(s)

2018-11-16 17:51:02 - [MESSAGE][PASSED] - Delayed 3 second(s)

2018-11-16 17:51:02 - [TEST_STEP][PASSED] - click: Object: 'Object Repository/Dashboard_Plan/input_Search_form-control ng-p' is clicked on

2018-11-16 17:51:03 - [MESSAGE][PASSED] - Object: 'Object Repository/Dashboard_Plan/input_Search_form-control ng-p' is clicked on

2018-11-16 17:51:03 - [TEST_STEP][PASSED] - setText: Text 'AP Guarantee plan-1 Element' is set on object 'Object Repository/Dashboard_Plan/input_Search_form-control ng-p'

2018-11-16 17:51:03 - [MESSAGE][PASSED] - Text 'AP Guarantee plan-1 Element' is set on object 'Object Repository/Dashboard_Plan/input_Search_form-control ng-p'

2018-11-16 17:51:03 - [TEST_STEP][PASSED] - delay: Delayed 3 second(s)

2018-11-16 17:51:06 - [MESSAGE][PASSED] - Delayed 3 second(s)

2018-11-16 17:51:06 - [TEST_STEP][PASSED] - click: Object: 'Object Repository/Dashboard_Plan/i_Actions_fa fa-chevron-right' is clicked on

2018-11-16 17:51:06 - [MESSAGE][PASSED] - Object: 'Object Repository/Dashboard_Plan/i_Actions_fa fa-chevron-right' is clicked on

2018-11-16 17:51:06 - [TEST_STEP][PASSED] - delay: Delayed 3 second(s)

2018-11-16 17:51:09 - [MESSAGE][PASSED] - Delayed 3 second(s)

2018-11-16 17:51:09 - [TEST_STEP][PASSED] - click: Object: 'Object Repository/Dashboard_Plan/i_AP Guarantee plan-1 Element_' is clicked on

2018-11-16 17:51:10 - [MESSAGE][PASSED] - Object: 'Object Repository/Dashboard_Plan/i_AP Guarantee plan-1 Element_' is clicked on]]></system-out>
         <system-err><![CDATA[]]></system-err>
      </testcase>
      <system-out><![CDATA[2018-11-16 17:50:27 - [TEST_SUITE][PASSED] - Verify plans: Test Cases/Dashboard_Lenovo/Dashboard_Plans]]></system-out>
      <system-err><![CDATA[]]></system-err>
   </testsuite>
</testsuites>
