<?xml version="1.0" encoding="UTF-8"?>
<testsuites name="Mutliple_PlansExecution" time="41" tests="2" failures="0" errors="0">
   <testsuite name="Mutliple_PlansExecution" tests="2" failures="0" errors="0" time="41" timestamp="2018-12-03 17:59:57" hostname="rkulkarn - 41XHMV1-E6330.callidussoftware.com" id="Test Suites/Mutliple_PlansExecution">
      <properties>
         <property name="deviceName" value=""/>
         <property name="devicePlatform" value=""/>
         <property name="logFolder" value="C:\\Users\\rkulkarn\\git\\Dashboard\\Reports\\Mutliple_PlansExecution\\20181203_175953"/>
         <property name="logFiles" value="C:\\Users\\rkulkarn\\git\\Dashboard\\Reports\\Mutliple_PlansExecution\\20181203_175953\\execution0.log"/>
         <property name="attachments" value=""/>
         <property name="hostName" value="rkulkarn - 41XHMV1-E6330.callidussoftware.com"/>
         <property name="os" value="Windows 10 64bit"/>
         <property name="katalonVersion" value="5.7.0.1"/>
         <property name="browser" value="Chrome 70.0.3538.110"/>
         <property name="hostAddress" value="192.168.241.28"/>
         <property name="sessionId" value="ef23ecee59b6912fddca0fb4c6eff408"/>
         <property name="seleniumVersion" value="3.7.1"/>
         <property name="proxyInformation" value="ProxyInformation{proxyOption=NO_PROXY, proxyServerType=HTTP, password=, proxyServerAddress=, proxyServerPort=0}"/>
         <property name="platform" value="Windows 10"/>
      </properties>
      <testcase name="Test Cases/Dashboard_Lenovo/Dashboard_login" classname="Test Cases/Dashboard_Lenovo/Dashboard_login" status="PASSED">
         <system-out><![CDATA[2018-12-03 17:59:58 - [TEST_CASE][PASSED] - Test Cases/Dashboard_Lenovo/Dashboard_login: Test Cases/Dashboard_Lenovo/Dashboard_login

2018-12-03 17:59:59 - [TEST_STEP][PASSED] - openBrowser: Browser is opened with url: ''

2018-12-03 18:00:04 - [MESSAGE][PASSED] - Browser is opened with url: ''

2018-12-03 18:00:04 - [TEST_STEP][PASSED] - navigateToUrl: Navigate to 'https://lnvo-muat.callidusondemand.com/SalesPortal/#!/' successfully

2018-12-03 18:00:09 - [MESSAGE][PASSED] - Navigate to 'https://lnvo-muat.callidusondemand.com/SalesPortal/#!/' successfully

2018-12-03 18:00:09 - [TEST_STEP][PASSED] - maximizeWindow: Current window maximized

2018-12-03 18:00:10 - [MESSAGE][PASSED] - Current window maximized

2018-12-03 18:00:10 - [TEST_STEP][PASSED] - delay: Delayed 3 second(s)

2018-12-03 18:00:13 - [MESSAGE][PASSED] - Delayed 3 second(s)

2018-12-03 18:00:13 - [TEST_STEP][PASSED] - setText: Text 'sapattna' is set on object 'Object Repository/Dashboard_login/input_username'

2018-12-03 18:00:14 - [MESSAGE][PASSED] - Text 'sapattna' is set on object 'Object Repository/Dashboard_login/input_username'

2018-12-03 18:00:14 - [TEST_STEP][PASSED] - delay: Delayed 3 second(s)

2018-12-03 18:00:17 - [MESSAGE][PASSED] - Delayed 3 second(s)

2018-12-03 18:00:17 - [TEST_STEP][PASSED] - setText: Text 'Callidus123' is set on object 'Object Repository/Dashboard_login/input_password'

2018-12-03 18:00:17 - [MESSAGE][PASSED] - Text 'Callidus123' is set on object 'Object Repository/Dashboard_login/input_password'

2018-12-03 18:00:17 - [TEST_STEP][PASSED] - click: Object: 'Object Repository/Dashboard_login/button_Login' is clicked on

2018-12-03 18:00:17 - [MESSAGE][PASSED] - Object: 'Object Repository/Dashboard_login/button_Login' is clicked on]]></system-out>
         <system-err><![CDATA[]]></system-err>
      </testcase>
      <testcase name="Test Cases/Dashboard_Lenovo/Dashboard_Planfloder/Dashboard_Plans" classname="Test Cases/Dashboard_Lenovo/Dashboard_Planfloder/Dashboard_Plans" status="PASSED">
         <system-out><![CDATA[2018-12-03 18:00:17 - [TEST_CASE][PASSED] - Test Cases/Dashboard_Lenovo/Dashboard_Planfloder/Dashboard_Plans: Test Cases/Dashboard_Lenovo/Dashboard_Planfloder/Dashboard_Plans

2018-12-03 18:00:18 - [TEST_STEP][PASSED] - Statement - java.lang.Thread.sleep(3000): null

2018-12-03 18:00:21 - [TEST_STEP][PASSED] - click: Object: 'Object Repository/Dashboard_Plan/a_Dashboards' is clicked on

2018-12-03 18:00:22 - [MESSAGE][PASSED] - Object: 'Object Repository/Dashboard_Plan/a_Dashboards' is clicked on

2018-12-03 18:00:22 - [TEST_STEP][PASSED] - delay: Delayed 1 second(s)

2018-12-03 18:00:23 - [MESSAGE][PASSED] - Delayed 1 second(s)

2018-12-03 18:00:23 - [TEST_STEP][PASSED] - click: Object: 'Object Repository/Dashboard_Plan/input_Search_form-control ng-p' is clicked on

2018-12-03 18:00:23 - [MESSAGE][PASSED] - Object: 'Object Repository/Dashboard_Plan/input_Search_form-control ng-p' is clicked on

2018-12-03 18:00:23 - [TEST_STEP][PASSED] - setText: Text 'AP Guarantee plan-1 Element' is set on object 'Object Repository/Dashboard_Plan/input_Search_form-control ng-p'

2018-12-03 18:00:24 - [MESSAGE][PASSED] - Text 'AP Guarantee plan-1 Element' is set on object 'Object Repository/Dashboard_Plan/input_Search_form-control ng-p'

2018-12-03 18:00:24 - [TEST_STEP][PASSED] - globalkeywords.record.RecordNotFound: globalkeywords.record.RecordNotFound is PASSED

2018-12-03 18:00:35 - [MESSAGE][WARNING] - Object 'Object Repository/No_Results_Found/span_No results found.' is not present after 10 second(s)

2018-12-03 18:00:35 - [MESSAGE][PASSED] - globalkeywords.record.RecordNotFound is PASSED

2018-12-03 18:00:35 - [TEST_STEP][PASSED] - Statement - myobj = new com.kms.katalon.core.testobject.TestObject(Dynamic Boject): null

2018-12-03 18:00:35 - [TEST_STEP][PASSED] - Statement - plansearch = Plans: null

2018-12-03 18:00:35 - [TEST_STEP][PASSED] - Statement - xpath = "//span[normalize-space(text())="" + plansearch + ""]": null

2018-12-03 18:00:35 - [TEST_STEP][PASSED] - Statement - myobj.addProperty("xpath", EQUALS, xpath): null

2018-12-03 18:00:35 - [TEST_STEP][PASSED] - Statement - java.lang.Thread.sleep(2000): null

2018-12-03 18:00:37 - [TEST_STEP][PASSED] - click: Object: 'Dynamic Boject' is clicked on

2018-12-03 18:00:38 - [MESSAGE][PASSED] - Object: 'Dynamic Boject' is clicked on]]></system-out>
         <system-err><![CDATA[]]></system-err>
      </testcase>
      <system-out><![CDATA[2018-12-03 17:59:57 - [TEST_SUITE][PASSED] - Mutliple_PlansExecution: Test Cases/Dashboard_Lenovo/Dashboard_Planfloder/Dashboard_Plans]]></system-out>
      <system-err><![CDATA[]]></system-err>
   </testsuite>
</testsuites>
