<?xml version="1.0" encoding="UTF-8"?>
<testsuites name="SemiLeveragePlan" time="135" tests="13" failures="0" errors="0">
   <testsuite name="SemiLeveragePlan" tests="13" failures="0" errors="0" time="135" timestamp="2018-12-06 11:54:02" hostname="rkulkarn - 41XHMV1-E6330.callidussoftware.com" id="Test Suites/SemiLeveragePlan">
      <properties>
         <property name="deviceName" value=""/>
         <property name="devicePlatform" value=""/>
         <property name="logFolder" value="C:\\Users\\rkulkarn\\git\\Dashboard\\Reports\\SemiLeveragePlan\\20181206_115358"/>
         <property name="logFiles" value="C:\\Users\\rkulkarn\\git\\Dashboard\\Reports\\SemiLeveragePlan\\20181206_115358\\execution0.log"/>
         <property name="attachments" value=""/>
         <property name="hostName" value="rkulkarn - 41XHMV1-E6330.callidussoftware.com"/>
         <property name="os" value="Windows 10 64bit"/>
         <property name="katalonVersion" value="5.7.0.1"/>
         <property name="browser" value="Chrome 70.0.3538.110"/>
         <property name="hostAddress" value="192.168.237.143"/>
         <property name="sessionId" value="8c064090edad0b36d4b8aea1f2740b34"/>
         <property name="seleniumVersion" value="3.7.1"/>
         <property name="proxyInformation" value="ProxyInformation{proxyOption=NO_PROXY, proxyServerType=HTTP, password=, proxyServerAddress=, proxyServerPort=0}"/>
         <property name="platform" value="Windows 10"/>
      </properties>
      <testcase name="Test Cases/Dashboard_Lenovo/Dashboard_login" classname="Test Cases/Dashboard_Lenovo/Dashboard_login" status="PASSED">
         <system-out><![CDATA[2018-12-06 11:54:03 - [TEST_CASE][PASSED] - Test Cases/Dashboard_Lenovo/Dashboard_login: Test Cases/Dashboard_Lenovo/Dashboard_login

2018-12-06 11:54:03 - [TEST_STEP][PASSED] - openBrowser: Browser is opened with url: ''

2018-12-06 11:54:08 - [MESSAGE][PASSED] - Browser is opened with url: ''

2018-12-06 11:54:08 - [TEST_STEP][PASSED] - navigateToUrl: Navigate to 'https://lnvo-muat.callidusondemand.com/SalesPortal/#!/' successfully

2018-12-06 11:54:14 - [MESSAGE][PASSED] - Navigate to 'https://lnvo-muat.callidusondemand.com/SalesPortal/#!/' successfully

2018-12-06 11:54:14 - [TEST_STEP][PASSED] - maximizeWindow: Current window maximized

2018-12-06 11:54:15 - [MESSAGE][PASSED] - Current window maximized

2018-12-06 11:54:15 - [TEST_STEP][PASSED] - delay: Delayed 3 second(s)

2018-12-06 11:54:18 - [MESSAGE][PASSED] - Delayed 3 second(s)

2018-12-06 11:54:18 - [TEST_STEP][PASSED] - setText: Text 'sapattna' is set on object 'Object Repository/Dashboard_login/input_username'

2018-12-06 11:54:18 - [MESSAGE][PASSED] - Text 'sapattna' is set on object 'Object Repository/Dashboard_login/input_username'

2018-12-06 11:54:18 - [TEST_STEP][PASSED] - delay: Delayed 3 second(s)

2018-12-06 11:54:21 - [MESSAGE][PASSED] - Delayed 3 second(s)

2018-12-06 11:54:21 - [TEST_STEP][PASSED] - setText: Text 'Callidus123' is set on object 'Object Repository/Dashboard_login/input_password'

2018-12-06 11:54:22 - [MESSAGE][PASSED] - Text 'Callidus123' is set on object 'Object Repository/Dashboard_login/input_password'

2018-12-06 11:54:22 - [TEST_STEP][PASSED] - click: Object: 'Object Repository/Dashboard_login/button_Login' is clicked on

2018-12-06 11:54:22 - [MESSAGE][PASSED] - Object: 'Object Repository/Dashboard_login/button_Login' is clicked on]]></system-out>
         <system-err><![CDATA[]]></system-err>
      </testcase>
      <testcase name="Test Cases/Dashboard_Lenovo/Dashboard_Planfloder/Dashboard_Plan" classname="Test Cases/Dashboard_Lenovo/Dashboard_Planfloder/Dashboard_Plan" status="PASSED">
         <system-out><![CDATA[2018-12-06 11:54:22 - [TEST_CASE][PASSED] - Test Cases/Dashboard_Lenovo/Dashboard_Planfloder/Dashboard_Plan: Test Cases/Dashboard_Lenovo/Dashboard_Planfloder/Dashboard_Plan

2018-12-06 11:54:22 - [TEST_STEP][PASSED] - Statement - java.lang.Thread.sleep(3000): null

2018-12-06 11:54:25 - [TEST_STEP][PASSED] - click: Object: 'Object Repository/Dashboard_Plan/a_Dashboards' is clicked on

2018-12-06 11:54:32 - [MESSAGE][PASSED] - Object: 'Object Repository/Dashboard_Plan/a_Dashboards' is clicked on

2018-12-06 11:54:32 - [TEST_STEP][PASSED] - delay: Delayed 1 second(s)

2018-12-06 11:54:33 - [MESSAGE][PASSED] - Delayed 1 second(s)

2018-12-06 11:54:33 - [TEST_STEP][PASSED] - click: Object: 'Object Repository/Dashboard_Plan/input_Search_form-control ng-p' is clicked on

2018-12-06 11:54:33 - [MESSAGE][PASSED] - Object: 'Object Repository/Dashboard_Plan/input_Search_form-control ng-p' is clicked on

2018-12-06 11:54:33 - [TEST_STEP][PASSED] - setText: Text 'Semiannual Leverage Plan-2 Elements-CPS-NA' is set on object 'Object Repository/Dashboard_Plan/input_Search_form-control ng-p'

2018-12-06 11:54:34 - [MESSAGE][PASSED] - Text 'Semiannual Leverage Plan-2 Elements-CPS-NA' is set on object 'Object Repository/Dashboard_Plan/input_Search_form-control ng-p'

2018-12-06 11:54:34 - [TEST_STEP][PASSED] - globalkeywords.record.RecordNotFound: globalkeywords.record.RecordNotFound is PASSED

2018-12-06 11:54:46 - [MESSAGE][WARNING] - Object 'Object Repository/No_Results_Found/span_No results found.' is not present after 10 second(s)

2018-12-06 11:54:46 - [MESSAGE][PASSED] - globalkeywords.record.RecordNotFound is PASSED

2018-12-06 11:54:46 - [TEST_STEP][PASSED] - Statement - myobj = new com.kms.katalon.core.testobject.TestObject(Dynamic Boject): null

2018-12-06 11:54:46 - [TEST_STEP][PASSED] - Statement - plansearch = Plans: null

2018-12-06 11:54:46 - [TEST_STEP][PASSED] - Statement - xpath = "//span[normalize-space(text())="" + plansearch + ""]": null

2018-12-06 11:54:46 - [TEST_STEP][PASSED] - Statement - myobj.addProperty("xpath", EQUALS, xpath): null

2018-12-06 11:54:46 - [TEST_STEP][PASSED] - Statement - java.lang.Thread.sleep(2000): null

2018-12-06 11:54:48 - [TEST_STEP][PASSED] - click: Object: 'Dynamic Boject' is clicked on

2018-12-06 11:54:48 - [MESSAGE][PASSED] - Object: 'Dynamic Boject' is clicked on]]></system-out>
         <system-err><![CDATA[]]></system-err>
      </testcase>
      <testcase name="Test Cases/Dashboard_Lenovo/Dashboard_Planfloder/Dashboard_PlanActions" classname="Test Cases/Dashboard_Lenovo/Dashboard_Planfloder/Dashboard_PlanActions" status="PASSED">
         <system-out><![CDATA[2018-12-06 11:54:48 - [TEST_CASE][PASSED] - Test Cases/Dashboard_Lenovo/Dashboard_Planfloder/Dashboard_PlanActions: Test Cases/Dashboard_Lenovo/Dashboard_Planfloder/Dashboard_PlanActions

2018-12-06 11:54:49 - [TEST_STEP][PASSED] - delay: Delayed 3 second(s)

2018-12-06 11:54:52 - [MESSAGE][PASSED] - Delayed 3 second(s)

2018-12-06 11:54:52 - [TEST_STEP][PASSED] - Statement - myobj1 = new com.kms.katalon.core.testobject.TestObject(Dynamic object): null

2018-12-06 11:54:52 - [TEST_STEP][PASSED] - Statement - plansearch1 = Plans: null

2018-12-06 11:54:52 - [TEST_STEP][PASSED] - Statement - xpath = "(//*[normalize-space(text()) and normalize-space(.)="" + plansearch1 + ""])[2]/following::i[1]": null

2018-12-06 11:54:52 - [TEST_STEP][PASSED] - Statement - myobj1.addProperty("xpath", EQUALS, xpath): null

2018-12-06 11:54:52 - [TEST_STEP][PASSED] - Statement - java.lang.Thread.sleep(2000): null

2018-12-06 11:54:54 - [TEST_STEP][PASSED] - click: Object: 'Dynamic object' is clicked on

2018-12-06 11:54:54 - [MESSAGE][PASSED] - Object: 'Dynamic object' is clicked on

2018-12-06 11:54:54 - [TEST_STEP][PASSED] - switchToWindowIndex: Switched to window with index: '1'

2018-12-06 11:54:54 - [MESSAGE][PASSED] - Switched to window with index: '1'

2018-12-06 11:54:54 - [TEST_STEP][PASSED] - waitForElementVisible: Object 'Object Repository/Dashboard_Date/span_Please enter at least 3 c' is visible

2018-12-06 11:55:01 - [MESSAGE][PASSED] - Object 'Object Repository/Dashboard_Date/span_Please enter at least 3 c' is visible

2018-12-06 11:55:01 - [TEST_STEP][PASSED] - click: Object: 'Object Repository/Dashboard_Date/span_Please enter at least 3 c' is clicked on

2018-12-06 11:55:01 - [MESSAGE][PASSED] - Object: 'Object Repository/Dashboard_Date/span_Please enter at least 3 c' is clicked on]]></system-out>
         <system-err><![CDATA[]]></system-err>
      </testcase>
      <testcase name="Test Cases/Dashboard_Lenovo/Dashboard_date" classname="Test Cases/Dashboard_Lenovo/Dashboard_date" status="PASSED">
         <system-out><![CDATA[2018-12-06 11:55:01 - [TEST_CASE][PASSED] - Test Cases/Dashboard_Lenovo/Dashboard_date: Test Cases/Dashboard_Lenovo/Dashboard_date

2018-12-06 11:55:01 - [TEST_STEP][PASSED] - delay: Delayed 10 second(s)

2018-12-06 11:55:11 - [MESSAGE][PASSED] - Delayed 10 second(s)

2018-12-06 11:55:11 - [TEST_STEP][PASSED] - click: Object: 'Object Repository/Dashboard_Date/span_Select period' is clicked on

2018-12-06 11:55:12 - [MESSAGE][PASSED] - Object: 'Object Repository/Dashboard_Date/span_Select period' is clicked on

2018-12-06 11:55:12 - [TEST_STEP][PASSED] - delay: Delayed 10 second(s)

2018-12-06 11:55:22 - [MESSAGE][PASSED] - Delayed 10 second(s)

2018-12-06 11:55:22 - [TEST_STEP][PASSED] - click: Object: 'Object Repository/Dashboard_Date/Input_of_date' is clicked on

2018-12-06 11:55:22 - [MESSAGE][PASSED] - Object: 'Object Repository/Dashboard_Date/Input_of_date' is clicked on

2018-12-06 11:55:22 - [TEST_STEP][PASSED] - delay: Delayed 10 second(s)

2018-12-06 11:55:32 - [MESSAGE][PASSED] - Delayed 10 second(s)

2018-12-06 11:55:32 - [TEST_STEP][PASSED] - setText: Text 'June 2018' is set on object 'Object Repository/Dashboard_Date/Input_of_date'

2018-12-06 11:55:32 - [MESSAGE][PASSED] - Text 'June 2018' is set on object 'Object Repository/Dashboard_Date/Input_of_date'

2018-12-06 11:55:32 - [TEST_STEP][PASSED] - globalkeywords.record.RecordNotFound: globalkeywords.record.RecordNotFound is PASSED

2018-12-06 11:55:46 - [MESSAGE][WARNING] - Object 'Object Repository/No_Results_Found/span_No results found.' is not present after 10 second(s)

2018-12-06 11:55:46 - [MESSAGE][PASSED] - globalkeywords.record.RecordNotFound is PASSED

2018-12-06 11:55:46 - [TEST_STEP][PASSED] - Statement - robot = new java.awt.Robot(): null

2018-12-06 11:55:46 - [TEST_STEP][PASSED] - Statement - robot.keyPress(VK_ENTER): null

2018-12-06 11:55:47 - [TEST_STEP][PASSED] - Statement - java.lang.Thread.sleep(2000): null

2018-12-06 11:55:49 - [TEST_STEP][PASSED] - Statement - robot.keyRelease(VK_ENTER): null

2018-12-06 11:55:49 - [TEST_STEP][NOT_RUN] - click: NOT_RUN: click

2018-12-06 11:55:49 - [MESSAGE][NOT_RUN] - NOT_RUN: click]]></system-out>
         <system-err><![CDATA[]]></system-err>
      </testcase>
      <testcase name="Test Cases/Dashboard_Lenovo/Dashboard_Participant" classname="Test Cases/Dashboard_Lenovo/Dashboard_Participant" status="PASSED">
         <system-out><![CDATA[2018-12-06 11:55:49 - [TEST_CASE][PASSED] - Test Cases/Dashboard_Lenovo/Dashboard_Participant: Test Cases/Dashboard_Lenovo/Dashboard_Participant

2018-12-06 11:55:49 - [TEST_STEP][PASSED] - click: Object: 'Object Repository/Dashboard_Date/span_Please enter at least 3 c' is clicked on

2018-12-06 11:55:49 - [MESSAGE][PASSED] - Object: 'Object Repository/Dashboard_Date/span_Please enter at least 3 c' is clicked on

2018-12-06 11:55:49 - [TEST_STEP][PASSED] - setText: Text 'Randy' is set on object 'Object Repository/Dashboard_Date/input_Please enter at least 3'

2018-12-06 11:55:49 - [MESSAGE][PASSED] - Text 'Randy' is set on object 'Object Repository/Dashboard_Date/input_Please enter at least 3'

2018-12-06 11:55:49 - [TEST_STEP][PASSED] - delay: Delayed 15 second(s)

2018-12-06 11:56:04 - [MESSAGE][PASSED] - Delayed 15 second(s)

2018-12-06 11:56:04 - [TEST_STEP][PASSED] - Statement - robot = new java.awt.Robot(): null

2018-12-06 11:56:04 - [TEST_STEP][PASSED] - Statement - robot.keyPress(VK_ENTER): null

2018-12-06 11:56:04 - [TEST_STEP][PASSED] - Statement - java.lang.Thread.sleep(2000): null

2018-12-06 11:56:06 - [TEST_STEP][PASSED] - Statement - robot.keyRelease(VK_ENTER): null

2018-12-06 11:56:06 - [TEST_STEP][PASSED] - Statement - ParticipantName = <not implemented yet for class: org.codehaus.groovy.ast.expr.EmptyExpression>: null

2018-12-06 11:56:06 - [TEST_STEP][PASSED] - Statement - Try: null

2018-12-06 11:56:06 - [TEST_STEP][PASSED] - Statement - part = com.kms.katalon.core.webui.keyword.WebUiBuiltInKeywords.waitForElementPresent(com.kms.katalon.core.testobject.ObjectRepository.findTestObject(Dashboard_Widgets/Dashboard_QTD_CPS_Attainment/span_QTD CPS Attainment), 5): Object 'Object Repository/Dashboard_Widgets/Dashboard_QTD_CPS_Attainment/span_QTD CPS Attainment' is present

2018-12-06 11:56:06 - [MESSAGE][PASSED] - Object 'Object Repository/Dashboard_Widgets/Dashboard_QTD_CPS_Attainment/span_QTD CPS Attainment' is present

2018-12-06 11:56:06 - [TEST_STEP][PASSED] - Statement - If (part == false): null]]></system-out>
         <system-err><![CDATA[]]></system-err>
      </testcase>
      <testcase name="Test Cases/Dashboard_Lenovo/Dashboard_widgets/Widget1_QTD_CPS_Attainment" classname="Test Cases/Dashboard_Lenovo/Dashboard_widgets/Widget1_QTD_CPS_Attainment" status="PASSED">
         <system-out><![CDATA[2018-12-06 11:56:06 - [TEST_CASE][PASSED] - Test Cases/Dashboard_Lenovo/Dashboard_widgets/Widget1_QTD_CPS_Attainment: Test Cases/Dashboard_Lenovo/Dashboard_widgets/Widget1_QTD_CPS_Attainment

2018-12-06 11:56:07 - [TEST_STEP][PASSED] - mouseOver: Object: 'Object Repository/Dashboard_Widgets/Dashboard_QTD_CPS_Attainment/span_QTD CPS Attainment' is hovered

2018-12-06 11:56:07 - [MESSAGE][PASSED] - Object: 'Object Repository/Dashboard_Widgets/Dashboard_QTD_CPS_Attainment/span_QTD CPS Attainment' is hovered

2018-12-06 11:56:07 - [TEST_STEP][PASSED] - verifyElementText: Actual text and expected text of test object 'Object Repository/Dashboard_Widgets/Dashboard_QTD_CPS_Attainment/span_QTD CPS Attainment' are matched.

2018-12-06 11:56:07 - [MESSAGE][PASSED] - Actual text and expected text of test object 'Object Repository/Dashboard_Widgets/Dashboard_QTD_CPS_Attainment/span_QTD CPS Attainment' are matched.

2018-12-06 11:56:07 - [TEST_STEP][PASSED] - verifyEqual: Actual object '17.16%' and expected object '17.16%' are equal

2018-12-06 11:56:09 - [MESSAGE][PASSED] - Text of object 'Object Repository/Dashboard_Widgets/Dashboard_QTD_CPS_Attainment/QTD_CPS_attainment_value' is: '17.16%'

2018-12-06 11:56:09 - [MESSAGE][PASSED] - Actual object '17.16%' and expected object '17.16%' are equal]]></system-out>
         <system-err><![CDATA[]]></system-err>
      </testcase>
      <testcase name="Test Cases/Dashboard_Lenovo/Dashboard_widgets/Widget2_Myprofile" classname="Test Cases/Dashboard_Lenovo/Dashboard_widgets/Widget2_Myprofile" status="PASSED">
         <system-out><![CDATA[2018-12-06 11:56:09 - [TEST_CASE][PASSED] - Test Cases/Dashboard_Lenovo/Dashboard_widgets/Widget2_Myprofile: Test Cases/Dashboard_Lenovo/Dashboard_widgets/Widget2_Myprofile

2018-12-06 11:56:10 - [TEST_STEP][PASSED] - mouseOver: Object: 'Object Repository/Dashboard_Widgets/Dashboard_MyProfile/span_My Profile' is hovered

2018-12-06 11:56:10 - [MESSAGE][PASSED] - Object: 'Object Repository/Dashboard_Widgets/Dashboard_MyProfile/span_My Profile' is hovered

2018-12-06 11:56:10 - [TEST_STEP][PASSED] - verifyElementText: Actual text and expected text of test object 'Object Repository/Dashboard_Widgets/Dashboard_MyProfile/span_My Profile' are matched.

2018-12-06 11:56:10 - [MESSAGE][PASSED] - Actual text and expected text of test object 'Object Repository/Dashboard_Widgets/Dashboard_MyProfile/span_My Profile' are matched.

2018-12-06 11:56:10 - [TEST_STEP][PASSED] - verifyEqual: Actual object 'First :' and expected object 'First :' are equal

2018-12-06 11:56:10 - [MESSAGE][PASSED] - Text of object 'Object Repository/Dashboard_Widgets/Dashboard_Myprofile/div_First' is: 'First :'

2018-12-06 11:56:10 - [MESSAGE][PASSED] - Actual object 'First :' and expected object 'First :' are equal

2018-12-06 11:56:10 - [TEST_STEP][PASSED] - verifyEqual: Actual object 'Randy' and expected object 'Randy' are equal

2018-12-06 11:56:10 - [MESSAGE][PASSED] - Text of object 'Object Repository/Dashboard_Widgets/Dashboard_MyProfile/div_Ayushmaan' is: 'Randy'

2018-12-06 11:56:10 - [MESSAGE][PASSED] - Actual object 'Randy' and expected object 'Randy' are equal

2018-12-06 11:56:10 - [TEST_STEP][PASSED] - verifyEqual: Actual object 'Last :' and expected object 'Last :' are equal

2018-12-06 11:56:10 - [MESSAGE][PASSED] - Text of object 'Object Repository/Dashboard_Widgets/Dashboard_MyProfile/div_Last' is: 'Last :'

2018-12-06 11:56:10 - [MESSAGE][PASSED] - Actual object 'Last :' and expected object 'Last :' are equal

2018-12-06 11:56:10 - [TEST_STEP][PASSED] - verifyEqual: Actual object 'Mixon' and expected object 'Mixon' are equal

2018-12-06 11:56:11 - [MESSAGE][PASSED] - Text of object 'Object Repository/Dashboard_Widgets/Dashboard_MyProfile/div_Agarwal' is: 'Mixon'

2018-12-06 11:56:11 - [MESSAGE][PASSED] - Actual object 'Mixon' and expected object 'Mixon' are equal

2018-12-06 11:56:11 - [TEST_STEP][PASSED] - verifyEqual: Actual object 'Job Desc :' and expected object 'Job Desc :' are equal

2018-12-06 11:56:11 - [MESSAGE][PASSED] - Text of object 'Object Repository/Dashboard_Widgets/Dashboard_MyProfile/div_Job Desc' is: 'Job Desc :'

2018-12-06 11:56:11 - [MESSAGE][PASSED] - Actual object 'Job Desc :' and expected object 'Job Desc :' are equal

2018-12-06 11:56:11 - [TEST_STEP][PASSED] - verifyEqual: Actual object 'Sr. Solution Sales Manager' and expected object 'Sr. Solution Sales Manager' are equal

2018-12-06 11:56:11 - [MESSAGE][PASSED] - Text of object 'Object Repository/Dashboard_Widgets/Dashboard_MyProfile/div_Associate Manager - Sales' is: 'Sr. Solution Sales Manager'

2018-12-06 11:56:11 - [MESSAGE][PASSED] - Actual object 'Sr. Solution Sales Manager' and expected object 'Sr. Solution Sales Manager' are equal

2018-12-06 11:56:11 - [TEST_STEP][PASSED] - verifyEqual: Actual object 'Manager :' and expected object 'Manager :' are equal

2018-12-06 11:56:11 - [MESSAGE][PASSED] - Text of object 'Object Repository/Dashboard_Widgets/Dashboard_MyProfile/div_Manager' is: 'Manager :'

2018-12-06 11:56:11 - [MESSAGE][PASSED] - Actual object 'Manager :' and expected object 'Manager :' are equal

2018-12-06 11:56:11 - [TEST_STEP][PASSED] - verifyEqual: Actual object 'John Peterson' and expected object 'John Peterson' are equal

2018-12-06 11:56:11 - [MESSAGE][PASSED] - Text of object 'Object Repository/Dashboard_Widgets/Dashboard_MyProfile/div_Hiral Somaiya' is: 'John Peterson'

2018-12-06 11:56:11 - [MESSAGE][PASSED] - Actual object 'John Peterson' and expected object 'John Peterson' are equal

2018-12-06 11:56:11 - [TEST_STEP][PASSED] - verifyEqual: Actual object 'PDT :' and expected object 'PDT :' are equal

2018-12-06 11:56:11 - [MESSAGE][PASSED] - Text of object 'Object Repository/Dashboard_Widgets/Dashboard_MyProfile/div_PDT' is: 'PDT :'

2018-12-06 11:56:11 - [MESSAGE][PASSED] - Actual object 'PDT :' and expected object 'PDT :' are equal

2018-12-06 11:56:11 - [TEST_STEP][PASSED] - verifyEqual: Actual object 'NJD235-US' and expected object 'NJD235-US' are equal

2018-12-06 11:56:11 - [MESSAGE][PASSED] - Text of object 'Object Repository/Dashboard_Widgets/Dashboard_MyProfile/div_APGUAR-IN' is: 'NJD235-US'

2018-12-06 11:56:11 - [MESSAGE][PASSED] - Actual object 'NJD235-US' and expected object 'NJD235-US' are equal]]></system-out>
         <system-err><![CDATA[]]></system-err>
      </testcase>
      <testcase name="Test Cases/Dashboard_Lenovo/Dashboard_widgets/Widget3_Percent_of_TI" classname="Test Cases/Dashboard_Lenovo/Dashboard_widgets/Widget3_Percent_of_TI" status="PASSED">
         <system-out><![CDATA[2018-12-06 11:56:11 - [TEST_CASE][PASSED] - Test Cases/Dashboard_Lenovo/Dashboard_widgets/Widget3_Percent_of_TI: Test Cases/Dashboard_Lenovo/Dashboard_widgets/Widget3_Percent_of_TI

2018-12-06 11:56:12 - [TEST_STEP][PASSED] - mouseOver: Object: 'Object Repository/Dashboard_Widgets/Dashboard_Percent_of_TI/span_Percent of TI' is hovered

2018-12-06 11:56:12 - [MESSAGE][PASSED] - Object: 'Object Repository/Dashboard_Widgets/Dashboard_Percent_of_TI/span_Percent of TI' is hovered

2018-12-06 11:56:12 - [TEST_STEP][PASSED] - verifyElementText: Actual text and expected text of test object 'Object Repository/Dashboard_Widgets/Dashboard_Percent_of_TI/span_Percent of TI' are matched.

2018-12-06 11:56:12 - [MESSAGE][PASSED] - Actual text and expected text of test object 'Object Repository/Dashboard_Widgets/Dashboard_Percent_of_TI/span_Percent of TI' are matched.

2018-12-06 11:56:12 - [TEST_STEP][PASSED] - verifyEqual: Actual object '17.16%' and expected object '17.16%' are equal

2018-12-06 11:56:12 - [MESSAGE][PASSED] - Text of object 'Object Repository/Dashboard_Widgets/Dashboard_Percent_of_TI/Percent_of_TI_value' is: '17.16%'

2018-12-06 11:56:12 - [MESSAGE][PASSED] - Actual object '17.16%' and expected object '17.16%' are equal

2018-12-06 11:56:12 - [TEST_STEP][PASSED] - verifyEqual: Actual object '27,840.50' and expected object '27,840.50' are equal

2018-12-06 11:56:12 - [MESSAGE][PASSED] - Text of object 'Object Repository/Dashboard_Widgets/Dashboard_Percent_of_TI/Target_value' is: '27,840.50'

2018-12-06 11:56:12 - [MESSAGE][PASSED] - Actual object '27,840.50' and expected object '27,840.50' are equal

2018-12-06 11:56:12 - [TEST_STEP][PASSED] - verifyEqual: Actual object '4,777.99' and expected object '4,777.99' are equal

2018-12-06 11:56:12 - [MESSAGE][PASSED] - Text of object 'Object Repository/Dashboard_Widgets/Dashboard_Percent_of_TI/Achivement_val' is: '4,777.99'

2018-12-06 11:56:12 - [MESSAGE][PASSED] - Actual object '4,777.99' and expected object '4,777.99' are equal]]></system-out>
         <system-err><![CDATA[]]></system-err>
      </testcase>
      <testcase name="Test Cases/Dashboard_Lenovo/Dashboard_widgets/Widget4_Element_1_Attainment" classname="Test Cases/Dashboard_Lenovo/Dashboard_widgets/Widget4_Element_1_Attainment" status="PASSED">
         <system-out><![CDATA[2018-12-06 11:56:12 - [TEST_CASE][PASSED] - Test Cases/Dashboard_Lenovo/Dashboard_widgets/Widget4_Element_1_Attainment: Test Cases/Dashboard_Lenovo/Dashboard_widgets/Widget4_Element_1_Attainment

2018-12-06 11:56:12 - [TEST_STEP][PASSED] - mouseOver: Object: 'Object Repository/Dashboard_Widgets/Dashboard_Element_1_Attainment/span_Element 1 Attainment' is hovered

2018-12-06 11:56:12 - [MESSAGE][PASSED] - Object: 'Object Repository/Dashboard_Widgets/Dashboard_Element_1_Attainment/span_Element 1 Attainment' is hovered

2018-12-06 11:56:12 - [TEST_STEP][PASSED] - verifyEqual: Actual object '8.92%' and expected object '8.92%' are equal

2018-12-06 11:56:13 - [MESSAGE][PASSED] - Text of object 'Object Repository/Dashboard_Widgets/Dashboard_Element_1_Attainment/Element1_val' is: '8.92%'

2018-12-06 11:56:13 - [MESSAGE][PASSED] - Actual object '8.92%' and expected object '8.92%' are equal

2018-12-06 11:56:13 - [TEST_STEP][PASSED] - verifyElementText: Actual text and expected text of test object 'Object Repository/Dashboard_Widgets/Dashboard_Element_1_Attainment/span_Element 1 Attainment' are matched.

2018-12-06 11:56:13 - [MESSAGE][PASSED] - Actual text and expected text of test object 'Object Repository/Dashboard_Widgets/Dashboard_Element_1_Attainment/span_Element 1 Attainment' are matched.

2018-12-06 11:56:13 - [TEST_STEP][PASSED] - verifyEqual: Actual object '$11,442,642.00' and expected object '$11,442,642.00' are equal

2018-12-06 11:56:13 - [MESSAGE][PASSED] - Text of object 'Object Repository/Dashboard_Widgets/Dashboard_Element_1_Attainment/Quota_val' is: '$11,442,642.00'

2018-12-06 11:56:13 - [MESSAGE][PASSED] - Actual object '$11,442,642.00' and expected object '$11,442,642.00' are equal

2018-12-06 11:56:13 - [TEST_STEP][PASSED] - verifyEqual: Actual object '$1,020,612.64' and expected object '$1,020,612.64' are equal

2018-12-06 11:56:13 - [MESSAGE][PASSED] - Text of object 'Object Repository/Dashboard_Widgets/Dashboard_Element_1_Attainment/Attainment_val' is: '$1,020,612.64'

2018-12-06 11:56:13 - [MESSAGE][PASSED] - Actual object '$1,020,612.64' and expected object '$1,020,612.64' are equal]]></system-out>
         <system-err><![CDATA[]]></system-err>
      </testcase>
      <testcase name="Test Cases/Dashboard_Lenovo/Dashboard_widgets/Widget5_Element_2_attainment" classname="Test Cases/Dashboard_Lenovo/Dashboard_widgets/Widget5_Element_2_attainment" status="PASSED">
         <system-out><![CDATA[2018-12-06 11:56:13 - [TEST_CASE][PASSED] - Test Cases/Dashboard_Lenovo/Dashboard_widgets/Widget5_Element_2_attainment: Test Cases/Dashboard_Lenovo/Dashboard_widgets/Widget5_Element_2_attainment

2018-12-06 11:56:13 - [TEST_STEP][PASSED] - mouseOver: Object: 'Object Repository/Dashboard_Widgets/Dashboard_Element2_Attainment/span_Element 2 Attainment' is hovered

2018-12-06 11:56:13 - [MESSAGE][PASSED] - Object: 'Object Repository/Dashboard_Widgets/Dashboard_Element2_Attainment/span_Element 2 Attainment' is hovered

2018-12-06 11:56:13 - [TEST_STEP][PASSED] - verifyElementText: Actual text and expected text of test object 'Object Repository/Dashboard_Widgets/Dashboard_Element2_Attainment/span_Element 2 Attainment' are matched.

2018-12-06 11:56:13 - [MESSAGE][PASSED] - Actual text and expected text of test object 'Object Repository/Dashboard_Widgets/Dashboard_Element2_Attainment/span_Element 2 Attainment' are matched.

2018-12-06 11:56:13 - [TEST_STEP][PASSED] - verifyEqual: Actual object '$2,438,429.00' and expected object '$2,438,429.00' are equal

2018-12-06 11:56:13 - [MESSAGE][PASSED] - Text of object 'Object Repository/Dashboard_Widgets/Dashboard_Element2_Attainment/Quota2_val' is: '$2,438,429.00'

2018-12-06 11:56:13 - [MESSAGE][PASSED] - Actual object '$2,438,429.00' and expected object '$2,438,429.00' are equal

2018-12-06 11:56:13 - [TEST_STEP][PASSED] - verifyEqual: Actual object '25.40%' and expected object '25.40%' are equal

2018-12-06 11:56:13 - [MESSAGE][PASSED] - Text of object 'Object Repository/Dashboard_Widgets/Dashboard_Element2_Attainment/Element2val' is: '25.40%'

2018-12-06 11:56:13 - [MESSAGE][PASSED] - Actual object '25.40%' and expected object '25.40%' are equal

2018-12-06 11:56:13 - [TEST_STEP][PASSED] - verifyEqual: Actual object '$619,444.79' and expected object '$619,444.79' are equal

2018-12-06 11:56:14 - [MESSAGE][PASSED] - Text of object 'Object Repository/Dashboard_Widgets/Dashboard_Element2_Attainment/Attainment2_Val' is: '$619,444.79'

2018-12-06 11:56:14 - [MESSAGE][PASSED] - Actual object '$619,444.79' and expected object '$619,444.79' are equal]]></system-out>
         <system-err><![CDATA[]]></system-err>
      </testcase>
      <testcase name="Test Cases/Dashboard_Lenovo/Dashboard_widgets/Widget7_attainment and quota/Widget7_1_QTD_CPSandELEMENT1DATA" classname="Test Cases/Dashboard_Lenovo/Dashboard_widgets/Widget7_attainment and quota/Widget7_1_QTD_CPSandELEMENT1DATA" status="PASSED">
         <system-out><![CDATA[2018-12-06 11:56:14 - [TEST_CASE][PASSED] - Test Cases/Dashboard_Lenovo/Dashboard_widgets/Widget7_attainment and quota/Widget7_1_QTD_CPSandELEMENT1DATA: Test Cases/Dashboard_Lenovo/Dashboard_widgets/Widget7_attainment and quota/Widget7_1_QTD_CPSandELEMENT1DATA

2018-12-06 11:56:14 - [TEST_STEP][PASSED] - mouseOver: Object: 'Object Repository/Dashboard_Widgets/Dashboard_Attainment_and_quota_by _Quarter/Attainment and Quota by Q' is hovered

2018-12-06 11:56:14 - [MESSAGE][PASSED] - Object: 'Object Repository/Dashboard_Widgets/Dashboard_Attainment_and_quota_by _Quarter/Attainment and Quota by Q' is hovered

2018-12-06 11:56:14 - [TEST_STEP][PASSED] - verifyElementText: Actual text and expected text of test object 'Object Repository/Dashboard_Widgets/Dashboard_Attainment_and_quota_by _Quarter/Attainment and Quota by Q' are matched.

2018-12-06 11:56:14 - [MESSAGE][PASSED] - Actual text and expected text of test object 'Object Repository/Dashboard_Widgets/Dashboard_Attainment_and_quota_by _Quarter/Attainment and Quota by Q' are matched.

2018-12-06 11:56:14 - [TEST_STEP][PASSED] - verifyEqual: Actual object 'FY19H1' and expected object 'FY19H1' are equal

2018-12-06 11:56:14 - [MESSAGE][PASSED] - Text of object 'Object Repository/Dashboard_Widgets/Dashboard_Attainment_and_quota_by _Quarter/YearlyPeriods' is: 'FY19H1'

2018-12-06 11:56:14 - [MESSAGE][PASSED] - Actual object 'FY19H1' and expected object 'FY19H1' are equal

2018-12-06 11:56:14 - [TEST_STEP][PASSED] - verifyEqual: Actual object 'Semiannual CPS' and expected object 'Semiannual CPS' are equal

2018-12-06 11:56:14 - [MESSAGE][PASSED] - Text of object 'Object Repository/Dashboard_Widgets/Dashboard_Attainment_and_quota_by _Quarter/td_QTD CPS' is: 'Semiannual CPS'

2018-12-06 11:56:14 - [MESSAGE][PASSED] - Actual object 'Semiannual CPS' and expected object 'Semiannual CPS' are equal

2018-12-06 11:56:14 - [TEST_STEP][PASSED] - verifyEqual: Actual object '17.16%' and expected object '17.16%' are equal

2018-12-06 11:56:14 - [MESSAGE][PASSED] - Text of object 'Object Repository/Dashboard_Widgets/Dashboard_Attainment_and_quota_by _Quarter/Qtd cps' is: '17.16%'

2018-12-06 11:56:14 - [MESSAGE][PASSED] - Actual object '17.16%' and expected object '17.16%' are equal

2018-12-06 11:56:14 - [TEST_STEP][PASSED] - verifyEqual: Actual object 'Element 1 Quota' and expected object 'Element 1 Quota' are equal

2018-12-06 11:56:14 - [MESSAGE][PASSED] - Text of object 'Object Repository/Dashboard_Widgets/Dashboard_Attainment_and_quota_by _Quarter/td_Element 1 Quota' is: 'Element 1 Quota'

2018-12-06 11:56:14 - [MESSAGE][PASSED] - Actual object 'Element 1 Quota' and expected object 'Element 1 Quota' are equal

2018-12-06 11:56:14 - [TEST_STEP][PASSED] - verifyEqual: Actual object '11,442,642.00' and expected object '11,442,642.00' are equal

2018-12-06 11:56:15 - [MESSAGE][PASSED] - Text of object 'Object Repository/Dashboard_Widgets/Dashboard_Attainment_and_quota_by _Quarter/Element Quota' is: '11,442,642.00'

2018-12-06 11:56:15 - [MESSAGE][PASSED] - Actual object '11,442,642.00' and expected object '11,442,642.00' are equal

2018-12-06 11:56:15 - [TEST_STEP][PASSED] - verifyEqual: Actual object 'Element 1 Attainment' and expected object 'Element 1 Attainment' are equal

2018-12-06 11:56:15 - [MESSAGE][PASSED] - Text of object 'Object Repository/Dashboard_Widgets/Dashboard_Attainment_and_quota_by _Quarter/td_Element 1 Attainment' is: 'Element 1 Attainment'

2018-12-06 11:56:15 - [MESSAGE][PASSED] - Actual object 'Element 1 Attainment' and expected object 'Element 1 Attainment' are equal

2018-12-06 11:56:15 - [TEST_STEP][PASSED] - verifyEqual: Actual object '1,020,612.64' and expected object '1,020,612.64' are equal

2018-12-06 11:56:15 - [MESSAGE][PASSED] - Text of object 'Object Repository/Dashboard_Widgets/Dashboard_Attainment_and_quota_by _Quarter/Element1 Attainment' is: '1,020,612.64'

2018-12-06 11:56:15 - [MESSAGE][PASSED] - Actual object '1,020,612.64' and expected object '1,020,612.64' are equal

2018-12-06 11:56:15 - [TEST_STEP][PASSED] - verifyEqual: Actual object 'Element 1 Attainment %' and expected object 'Element 1 Attainment %' are equal

2018-12-06 11:56:15 - [MESSAGE][PASSED] - Text of object 'Object Repository/Dashboard_Widgets/Dashboard_Attainment_and_quota_by _Quarter/td_Element 1 AttainmentPercentage' is: 'Element 1 Attainment %'

2018-12-06 11:56:15 - [MESSAGE][PASSED] - Actual object 'Element 1 Attainment %' and expected object 'Element 1 Attainment %' are equal

2018-12-06 11:56:15 - [TEST_STEP][PASSED] - verifyEqual: Actual object '8.92%' and expected object '8.92%' are equal

2018-12-06 11:56:15 - [MESSAGE][PASSED] - Text of object 'Object Repository/Dashboard_Widgets/Dashboard_Attainment_and_quota_by _Quarter/Percentage of Element1 attainment' is: '8.92%'

2018-12-06 11:56:15 - [MESSAGE][PASSED] - Actual object '8.92%' and expected object '8.92%' are equal]]></system-out>
         <system-err><![CDATA[]]></system-err>
      </testcase>
      <testcase name="Test Cases/Dashboard_Lenovo/Dashboard_widgets/Widget7_attainment and quota/Widget7_2_Element2val" classname="Test Cases/Dashboard_Lenovo/Dashboard_widgets/Widget7_attainment and quota/Widget7_2_Element2val" status="PASSED">
         <system-out><![CDATA[2018-12-06 11:56:15 - [TEST_CASE][PASSED] - Test Cases/Dashboard_Lenovo/Dashboard_widgets/Widget7_attainment and quota/Widget7_2_Element2val: Test Cases/Dashboard_Lenovo/Dashboard_widgets/Widget7_attainment and quota/Widget7_2_Element2val

2018-12-06 11:56:15 - [TEST_STEP][PASSED] - verifyEqual: Actual object 'Element 2 Quota' and expected object 'Element 2 Quota' are equal

2018-12-06 11:56:15 - [MESSAGE][PASSED] - Text of object 'Object Repository/Dashboard_Widgets/Dashboard_Attainment_and_quota_by _Quarter/td_Element 2 Quota' is: 'Element 2 Quota'

2018-12-06 11:56:15 - [MESSAGE][PASSED] - Actual object 'Element 2 Quota' and expected object 'Element 2 Quota' are equal

2018-12-06 11:56:15 - [TEST_STEP][PASSED] - verifyEqual: Actual object '2,438,429.00' and expected object '2,438,429.00' are equal

2018-12-06 11:56:15 - [MESSAGE][PASSED] - Text of object 'Object Repository/Dashboard_Widgets/Dashboard_Attainment_and_quota_by _Quarter/Quota2val' is: '2,438,429.00'

2018-12-06 11:56:15 - [MESSAGE][PASSED] - Actual object '2,438,429.00' and expected object '2,438,429.00' are equal

2018-12-06 11:56:15 - [TEST_STEP][PASSED] - verifyEqual: Actual object 'Element 2 Attainment' and expected object 'Element 2 Attainment' are equal

2018-12-06 11:56:16 - [MESSAGE][PASSED] - Text of object 'Object Repository/Dashboard_Widgets/Dashboard_Attainment_and_quota_by _Quarter/td_Element 2 Attainment' is: 'Element 2 Attainment'

2018-12-06 11:56:16 - [MESSAGE][PASSED] - Actual object 'Element 2 Attainment' and expected object 'Element 2 Attainment' are equal

2018-12-06 11:56:16 - [TEST_STEP][PASSED] - verifyEqual: Actual object '619,444.79' and expected object '619,444.79' are equal

2018-12-06 11:56:16 - [MESSAGE][PASSED] - Text of object 'Object Repository/Dashboard_Widgets/Dashboard_Attainment_and_quota_by _Quarter/attainment2val' is: '619,444.79'

2018-12-06 11:56:16 - [MESSAGE][PASSED] - Actual object '619,444.79' and expected object '619,444.79' are equal

2018-12-06 11:56:16 - [TEST_STEP][PASSED] - verifyEqual: Actual object 'Element 2 Attainment %' and expected object 'Element 2 Attainment %' are equal

2018-12-06 11:56:16 - [MESSAGE][PASSED] - Text of object 'Object Repository/Dashboard_Widgets/Dashboard_Attainment_and_quota_by _Quarter/td_Element 2 AttainmentPercentage' is: 'Element 2 Attainment %'

2018-12-06 11:56:16 - [MESSAGE][PASSED] - Actual object 'Element 2 Attainment %' and expected object 'Element 2 Attainment %' are equal

2018-12-06 11:56:16 - [TEST_STEP][PASSED] - verifyEqual: Actual object '25.40%' and expected object '25.40%' are equal

2018-12-06 11:56:16 - [MESSAGE][PASSED] - Text of object 'Object Repository/Dashboard_Widgets/Dashboard_Attainment_and_quota_by _Quarter/percentage2attainmentvalue' is: '25.40%'

2018-12-06 11:56:16 - [MESSAGE][PASSED] - Actual object '25.40%' and expected object '25.40%' are equal]]></system-out>
         <system-err><![CDATA[]]></system-err>
      </testcase>
      <testcase name="Test Cases/Dashboard_Lenovo/Dashboard_widgets/Widget8_currentyearpayments" classname="Test Cases/Dashboard_Lenovo/Dashboard_widgets/Widget8_currentyearpayments" status="PASSED">
         <system-out><![CDATA[2018-12-06 11:56:16 - [TEST_CASE][PASSED] - Test Cases/Dashboard_Lenovo/Dashboard_widgets/Widget8_currentyearpayments: Test Cases/Dashboard_Lenovo/Dashboard_widgets/Widget8_currentyearpayments

2018-12-06 11:56:16 - [TEST_STEP][PASSED] - mouseOver: Object: 'Object Repository/Dashboard_Widgets/Dashbaoard_currentyearpayments/Current_YearPayments' is hovered

2018-12-06 11:56:16 - [MESSAGE][PASSED] - Object: 'Object Repository/Dashboard_Widgets/Dashbaoard_currentyearpayments/Current_YearPayments' is hovered

2018-12-06 11:56:16 - [TEST_STEP][PASSED] - verifyElementText: Actual text and expected text of test object 'Object Repository/Dashboard_Widgets/Dashbaoard_currentyearpayments/Current_YearPayments' are matched.

2018-12-06 11:56:16 - [MESSAGE][PASSED] - Actual text and expected text of test object 'Object Repository/Dashboard_Widgets/Dashbaoard_currentyearpayments/Current_YearPayments' are matched.]]></system-out>
         <system-err><![CDATA[]]></system-err>
      </testcase>
      <system-out><![CDATA[2018-12-06 11:54:02 - [TEST_SUITE][PASSED] - SemiLeveragePlan: Test Cases/Dashboard_Lenovo/Dashboard_widgets/Widget8_currentyearpayments]]></system-out>
      <system-err><![CDATA[]]></system-err>
   </testsuite>
</testsuites>
