<?xml version="1.0" encoding="UTF-8"?>
<testsuites name="LeveragePlan1" time="127" tests="15" failures="0" errors="0">
   <testsuite name="LeveragePlan1" tests="15" failures="0" errors="0" time="127" timestamp="2018-12-03 17:52:31" hostname="rkulkarn - 41XHMV1-E6330.callidussoftware.com" id="Test Suites/LeveragePlan1">
      <properties>
         <property name="deviceName" value=""/>
         <property name="devicePlatform" value=""/>
         <property name="logFolder" value="C:\\Users\\rkulkarn\\git\\Dashboard\\Reports\\LeveragePlan1\\20181203_175227"/>
         <property name="logFiles" value="C:\\Users\\rkulkarn\\git\\Dashboard\\Reports\\LeveragePlan1\\20181203_175227\\execution0.log"/>
         <property name="attachments" value=""/>
         <property name="hostName" value="rkulkarn - 41XHMV1-E6330.callidussoftware.com"/>
         <property name="os" value="Windows 10 64bit"/>
         <property name="katalonVersion" value="5.7.0.1"/>
         <property name="browser" value="Chrome 70.0.3538.110"/>
         <property name="hostAddress" value="192.168.241.28"/>
         <property name="sessionId" value="84404fc7778b20b86509df1dcf541423"/>
         <property name="seleniumVersion" value="3.7.1"/>
         <property name="proxyInformation" value="ProxyInformation{proxyOption=NO_PROXY, proxyServerType=HTTP, password=, proxyServerAddress=, proxyServerPort=0}"/>
         <property name="platform" value="Windows 10"/>
      </properties>
      <testcase name="Test Cases/Dashboard_Lenovo/Dashboard_login" classname="Test Cases/Dashboard_Lenovo/Dashboard_login" status="PASSED">
         <system-out><![CDATA[2018-12-03 17:52:32 - [TEST_CASE][PASSED] - Test Cases/Dashboard_Lenovo/Dashboard_login: Test Cases/Dashboard_Lenovo/Dashboard_login

2018-12-03 17:52:33 - [TEST_STEP][PASSED] - openBrowser: Browser is opened with url: ''

2018-12-03 17:52:38 - [MESSAGE][PASSED] - Browser is opened with url: ''

2018-12-03 17:52:38 - [TEST_STEP][PASSED] - navigateToUrl: Navigate to 'https://lnvo-muat.callidusondemand.com/SalesPortal/#!/' successfully

2018-12-03 17:52:43 - [MESSAGE][PASSED] - Navigate to 'https://lnvo-muat.callidusondemand.com/SalesPortal/#!/' successfully

2018-12-03 17:52:43 - [TEST_STEP][PASSED] - maximizeWindow: Current window maximized

2018-12-03 17:52:44 - [MESSAGE][PASSED] - Current window maximized

2018-12-03 17:52:44 - [TEST_STEP][PASSED] - delay: Delayed 3 second(s)

2018-12-03 17:52:47 - [MESSAGE][PASSED] - Delayed 3 second(s)

2018-12-03 17:52:47 - [TEST_STEP][PASSED] - setText: Text 'sapattna' is set on object 'Object Repository/Dashboard_login/input_username'

2018-12-03 17:52:48 - [MESSAGE][PASSED] - Text 'sapattna' is set on object 'Object Repository/Dashboard_login/input_username'

2018-12-03 17:52:48 - [TEST_STEP][PASSED] - delay: Delayed 3 second(s)

2018-12-03 17:52:51 - [MESSAGE][PASSED] - Delayed 3 second(s)

2018-12-03 17:52:51 - [TEST_STEP][PASSED] - setText: Text 'Callidus123' is set on object 'Object Repository/Dashboard_login/input_password'

2018-12-03 17:52:51 - [MESSAGE][PASSED] - Text 'Callidus123' is set on object 'Object Repository/Dashboard_login/input_password'

2018-12-03 17:52:51 - [TEST_STEP][PASSED] - click: Object: 'Object Repository/Dashboard_login/button_Login' is clicked on

2018-12-03 17:52:51 - [MESSAGE][PASSED] - Object: 'Object Repository/Dashboard_login/button_Login' is clicked on]]></system-out>
         <system-err><![CDATA[]]></system-err>
      </testcase>
      <testcase name="Test Cases/Dashboard_Lenovo/Dashboard_Planfloder/Dashboard_Plans" classname="Test Cases/Dashboard_Lenovo/Dashboard_Planfloder/Dashboard_Plans" status="PASSED">
         <system-out><![CDATA[2018-12-03 17:52:51 - [TEST_CASE][PASSED] - Test Cases/Dashboard_Lenovo/Dashboard_Planfloder/Dashboard_Plans: Test Cases/Dashboard_Lenovo/Dashboard_Planfloder/Dashboard_Plans

2018-12-03 17:52:52 - [TEST_STEP][PASSED] - Statement - java.lang.Thread.sleep(3000): null

2018-12-03 17:52:55 - [TEST_STEP][PASSED] - click: Object: 'Object Repository/Dashboard_Plan/a_Dashboards' is clicked on

2018-12-03 17:52:56 - [MESSAGE][PASSED] - Object: 'Object Repository/Dashboard_Plan/a_Dashboards' is clicked on

2018-12-03 17:52:56 - [TEST_STEP][PASSED] - delay: Delayed 1 second(s)

2018-12-03 17:52:57 - [MESSAGE][PASSED] - Delayed 1 second(s)

2018-12-03 17:52:57 - [TEST_STEP][PASSED] - click: Object: 'Object Repository/Dashboard_Plan/input_Search_form-control ng-p' is clicked on

2018-12-03 17:52:57 - [MESSAGE][PASSED] - Object: 'Object Repository/Dashboard_Plan/input_Search_form-control ng-p' is clicked on

2018-12-03 17:52:57 - [TEST_STEP][PASSED] - setText: Text 'Quarterly Leverage Plan-3 Elements-CPS' is set on object 'Object Repository/Dashboard_Plan/input_Search_form-control ng-p'

2018-12-03 17:52:58 - [MESSAGE][PASSED] - Text 'Quarterly Leverage Plan-3 Elements-CPS' is set on object 'Object Repository/Dashboard_Plan/input_Search_form-control ng-p'

2018-12-03 17:52:58 - [TEST_STEP][PASSED] - globalkeywords.record.RecordNotFound: globalkeywords.record.RecordNotFound is PASSED

2018-12-03 17:53:11 - [MESSAGE][WARNING] - Object 'Object Repository/No_Results_Found/span_No results found.' is not present after 10 second(s)

2018-12-03 17:53:11 - [MESSAGE][PASSED] - globalkeywords.record.RecordNotFound is PASSED

2018-12-03 17:53:11 - [TEST_STEP][PASSED] - Statement - myobj = new com.kms.katalon.core.testobject.TestObject(Dynamic Boject): null

2018-12-03 17:53:11 - [TEST_STEP][PASSED] - Statement - plansearch = Plans: null

2018-12-03 17:53:11 - [TEST_STEP][PASSED] - Statement - xpath = "//span[normalize-space(text())="" + plansearch + ""]": null

2018-12-03 17:53:11 - [TEST_STEP][PASSED] - Statement - myobj.addProperty("xpath", EQUALS, xpath): null

2018-12-03 17:53:11 - [TEST_STEP][PASSED] - Statement - java.lang.Thread.sleep(2000): null

2018-12-03 17:53:13 - [TEST_STEP][PASSED] - click: Object: 'Dynamic Boject' is clicked on

2018-12-03 17:53:13 - [MESSAGE][PASSED] - Object: 'Dynamic Boject' is clicked on]]></system-out>
         <system-err><![CDATA[]]></system-err>
      </testcase>
      <testcase name="Test Cases/Dashboard_Lenovo/Dashboard_Planfloder/Dashboard_PlanActions" classname="Test Cases/Dashboard_Lenovo/Dashboard_Planfloder/Dashboard_PlanActions" status="PASSED">
         <system-out><![CDATA[2018-12-03 17:53:13 - [TEST_CASE][PASSED] - Test Cases/Dashboard_Lenovo/Dashboard_Planfloder/Dashboard_PlanActions: Test Cases/Dashboard_Lenovo/Dashboard_Planfloder/Dashboard_PlanActions

2018-12-03 17:53:13 - [TEST_STEP][PASSED] - delay: Delayed 3 second(s)

2018-12-03 17:53:16 - [MESSAGE][PASSED] - Delayed 3 second(s)

2018-12-03 17:53:16 - [TEST_STEP][PASSED] - Statement - myobj1 = new com.kms.katalon.core.testobject.TestObject(Dynamic object): null

2018-12-03 17:53:16 - [TEST_STEP][PASSED] - Statement - plansearch1 = Plans: null

2018-12-03 17:53:16 - [TEST_STEP][PASSED] - Statement - xpath = "(//*[normalize-space(text()) and normalize-space(.)="" + plansearch1 + ""])[2]/following::i[1]": null

2018-12-03 17:53:16 - [TEST_STEP][PASSED] - Statement - myobj1.addProperty("xpath", EQUALS, xpath): null

2018-12-03 17:53:16 - [TEST_STEP][PASSED] - Statement - java.lang.Thread.sleep(2000): null

2018-12-03 17:53:18 - [TEST_STEP][PASSED] - click: Object: 'Dynamic object' is clicked on

2018-12-03 17:53:19 - [MESSAGE][PASSED] - Object: 'Dynamic object' is clicked on

2018-12-03 17:53:19 - [TEST_STEP][PASSED] - switchToWindowIndex: Switched to window with index: '1'

2018-12-03 17:53:19 - [MESSAGE][PASSED] - Switched to window with index: '1'

2018-12-03 17:53:19 - [TEST_STEP][PASSED] - waitForElementVisible: Object 'Object Repository/Dashboard_Date/span_Please enter at least 3 c' is visible

2018-12-03 17:53:24 - [MESSAGE][PASSED] - Object 'Object Repository/Dashboard_Date/span_Please enter at least 3 c' is visible

2018-12-03 17:53:24 - [TEST_STEP][PASSED] - click: Object: 'Object Repository/Dashboard_Date/span_Please enter at least 3 c' is clicked on

2018-12-03 17:53:24 - [MESSAGE][PASSED] - Object: 'Object Repository/Dashboard_Date/span_Please enter at least 3 c' is clicked on]]></system-out>
         <system-err><![CDATA[]]></system-err>
      </testcase>
      <testcase name="Test Cases/Dashboard_Lenovo/Dashboard_date" classname="Test Cases/Dashboard_Lenovo/Dashboard_date" status="PASSED">
         <system-out><![CDATA[2018-12-03 17:53:24 - [TEST_CASE][PASSED] - Test Cases/Dashboard_Lenovo/Dashboard_date: Test Cases/Dashboard_Lenovo/Dashboard_date

2018-12-03 17:53:24 - [TEST_STEP][PASSED] - delay: Delayed 10 second(s)

2018-12-03 17:53:34 - [MESSAGE][PASSED] - Delayed 10 second(s)

2018-12-03 17:53:34 - [TEST_STEP][PASSED] - click: Object: 'Object Repository/Dashboard_Date/span_Select period' is clicked on

2018-12-03 17:53:35 - [MESSAGE][PASSED] - Object: 'Object Repository/Dashboard_Date/span_Select period' is clicked on

2018-12-03 17:53:35 - [TEST_STEP][PASSED] - delay: Delayed 10 second(s)

2018-12-03 17:53:45 - [MESSAGE][PASSED] - Delayed 10 second(s)

2018-12-03 17:53:45 - [TEST_STEP][PASSED] - click: Object: 'Object Repository/Dashboard_Date/Input_of_date' is clicked on

2018-12-03 17:53:45 - [MESSAGE][PASSED] - Object: 'Object Repository/Dashboard_Date/Input_of_date' is clicked on

2018-12-03 17:53:45 - [TEST_STEP][PASSED] - delay: Delayed 10 second(s)

2018-12-03 17:53:55 - [MESSAGE][PASSED] - Delayed 10 second(s)

2018-12-03 17:53:55 - [TEST_STEP][PASSED] - setText: Text 'June 2018' is set on object 'Object Repository/Dashboard_Date/Input_of_date'

2018-12-03 17:53:55 - [MESSAGE][PASSED] - Text 'June 2018' is set on object 'Object Repository/Dashboard_Date/Input_of_date'

2018-12-03 17:53:55 - [TEST_STEP][PASSED] - globalkeywords.record.RecordNotFound: globalkeywords.record.RecordNotFound is PASSED

2018-12-03 17:54:08 - [MESSAGE][WARNING] - Object 'Object Repository/No_Results_Found/span_No results found.' is not present after 10 second(s)

2018-12-03 17:54:08 - [MESSAGE][PASSED] - globalkeywords.record.RecordNotFound is PASSED

2018-12-03 17:54:08 - [TEST_STEP][PASSED] - Statement - robot = new java.awt.Robot(): null

2018-12-03 17:54:08 - [TEST_STEP][PASSED] - Statement - robot.keyPress(VK_ENTER): null

2018-12-03 17:54:08 - [TEST_STEP][PASSED] - Statement - java.lang.Thread.sleep(2000): null

2018-12-03 17:54:10 - [TEST_STEP][PASSED] - Statement - robot.keyRelease(VK_ENTER): null

2018-12-03 17:54:10 - [TEST_STEP][NOT_RUN] - click: NOT_RUN: click

2018-12-03 17:54:10 - [MESSAGE][NOT_RUN] - NOT_RUN: click]]></system-out>
         <system-err><![CDATA[]]></system-err>
      </testcase>
      <testcase name="Test Cases/Dashboard_Lenovo/Dashboard_Participant" classname="Test Cases/Dashboard_Lenovo/Dashboard_Participant" status="PASSED">
         <system-out><![CDATA[2018-12-03 17:54:10 - [TEST_CASE][PASSED] - Test Cases/Dashboard_Lenovo/Dashboard_Participant: Test Cases/Dashboard_Lenovo/Dashboard_Participant

2018-12-03 17:54:10 - [TEST_STEP][PASSED] - click: Object: 'Object Repository/Dashboard_Date/span_Please enter at least 3 c' is clicked on

2018-12-03 17:54:10 - [MESSAGE][PASSED] - Object: 'Object Repository/Dashboard_Date/span_Please enter at least 3 c' is clicked on

2018-12-03 17:54:10 - [TEST_STEP][PASSED] - setText: Text 'Manfred' is set on object 'Object Repository/Dashboard_Date/input_Please enter at least 3'

2018-12-03 17:54:10 - [MESSAGE][PASSED] - Text 'Manfred' is set on object 'Object Repository/Dashboard_Date/input_Please enter at least 3'

2018-12-03 17:54:10 - [TEST_STEP][PASSED] - delay: Delayed 15 second(s)

2018-12-03 17:54:25 - [MESSAGE][PASSED] - Delayed 15 second(s)

2018-12-03 17:54:25 - [TEST_STEP][PASSED] - Statement - robot = new java.awt.Robot(): null

2018-12-03 17:54:25 - [TEST_STEP][PASSED] - Statement - robot.keyPress(VK_ENTER): null

2018-12-03 17:54:25 - [TEST_STEP][PASSED] - Statement - java.lang.Thread.sleep(2000): null

2018-12-03 17:54:27 - [TEST_STEP][PASSED] - Statement - robot.keyRelease(VK_ENTER): null

2018-12-03 17:54:27 - [TEST_STEP][PASSED] - Statement - ParticipantName = <not implemented yet for class: org.codehaus.groovy.ast.expr.EmptyExpression>: null

2018-12-03 17:54:27 - [TEST_STEP][PASSED] - Statement - Try: null

2018-12-03 17:54:27 - [TEST_STEP][PASSED] - Statement - part = com.kms.katalon.core.webui.keyword.WebUiBuiltInKeywords.waitForElementPresent(com.kms.katalon.core.testobject.ObjectRepository.findTestObject(Dashboard_Widgets/Dashboard_QTD_CPS_Attainment/span_QTD CPS Attainment), 5): Object 'Object Repository/Dashboard_Widgets/Dashboard_QTD_CPS_Attainment/span_QTD CPS Attainment' is present

2018-12-03 17:54:27 - [MESSAGE][PASSED] - Object 'Object Repository/Dashboard_Widgets/Dashboard_QTD_CPS_Attainment/span_QTD CPS Attainment' is present

2018-12-03 17:54:27 - [TEST_STEP][PASSED] - Statement - If (part == false): null]]></system-out>
         <system-err><![CDATA[]]></system-err>
      </testcase>
      <testcase name="Test Cases/Dashboard_Lenovo/Dashboard_widgets/Dashboard_QTD_CPS_Attainment" classname="Test Cases/Dashboard_Lenovo/Dashboard_widgets/Dashboard_QTD_CPS_Attainment" status="PASSED">
         <system-out><![CDATA[2018-12-03 17:54:27 - [TEST_CASE][PASSED] - Test Cases/Dashboard_Lenovo/Dashboard_widgets/Dashboard_QTD_CPS_Attainment: Test Cases/Dashboard_Lenovo/Dashboard_widgets/Dashboard_QTD_CPS_Attainment

2018-12-03 17:54:28 - [TEST_STEP][PASSED] - mouseOver: Object: 'Object Repository/Dashboard_Widgets/Dashboard_QTD_CPS_Attainment/span_QTD CPS Attainment' is hovered

2018-12-03 17:54:28 - [MESSAGE][PASSED] - Object: 'Object Repository/Dashboard_Widgets/Dashboard_QTD_CPS_Attainment/span_QTD CPS Attainment' is hovered

2018-12-03 17:54:28 - [TEST_STEP][PASSED] - verifyElementText: Actual text and expected text of test object 'Object Repository/Dashboard_Widgets/Dashboard_QTD_CPS_Attainment/span_QTD CPS Attainment' are matched.

2018-12-03 17:54:28 - [MESSAGE][PASSED] - Actual text and expected text of test object 'Object Repository/Dashboard_Widgets/Dashboard_QTD_CPS_Attainment/span_QTD CPS Attainment' are matched.

2018-12-03 17:54:28 - [TEST_STEP][PASSED] - verifyEqual: Actual object '114.69%' and expected object '114.69%' are equal

2018-12-03 17:54:30 - [MESSAGE][PASSED] - Text of object 'Object Repository/Dashboard_Widgets/Dashboard_QTD_CPS_Attainment/QTD_CPS_attainment_value' is: '114.69%'

2018-12-03 17:54:30 - [MESSAGE][PASSED] - Actual object '114.69%' and expected object '114.69%' are equal]]></system-out>
         <system-err><![CDATA[]]></system-err>
      </testcase>
      <testcase name="Test Cases/Dashboard_Lenovo/Dashboard_widgets/Dashboard_Myprofile" classname="Test Cases/Dashboard_Lenovo/Dashboard_widgets/Dashboard_Myprofile" status="PASSED">
         <system-out><![CDATA[2018-12-03 17:54:30 - [TEST_CASE][PASSED] - Test Cases/Dashboard_Lenovo/Dashboard_widgets/Dashboard_Myprofile: Test Cases/Dashboard_Lenovo/Dashboard_widgets/Dashboard_Myprofile

2018-12-03 17:54:31 - [TEST_STEP][PASSED] - mouseOver: Object: 'Object Repository/Dashboard_Widgets/Dashboard_MyProfile/span_My Profile' is hovered

2018-12-03 17:54:31 - [MESSAGE][PASSED] - Object: 'Object Repository/Dashboard_Widgets/Dashboard_MyProfile/span_My Profile' is hovered

2018-12-03 17:54:31 - [TEST_STEP][PASSED] - verifyElementText: Actual text and expected text of test object 'Object Repository/Dashboard_Widgets/Dashboard_MyProfile/span_My Profile' are matched.

2018-12-03 17:54:31 - [MESSAGE][PASSED] - Actual text and expected text of test object 'Object Repository/Dashboard_Widgets/Dashboard_MyProfile/span_My Profile' are matched.

2018-12-03 17:54:31 - [TEST_STEP][PASSED] - verifyEqual: Actual object 'First :' and expected object 'First :' are equal

2018-12-03 17:54:31 - [MESSAGE][PASSED] - Text of object 'Object Repository/Dashboard_Widgets/Dashboard_Myprofile/div_First' is: 'First :'

2018-12-03 17:54:31 - [MESSAGE][PASSED] - Actual object 'First :' and expected object 'First :' are equal

2018-12-03 17:54:31 - [TEST_STEP][PASSED] - verifyEqual: Actual object 'Manfred' and expected object 'Manfred' are equal

2018-12-03 17:54:32 - [MESSAGE][PASSED] - Text of object 'Object Repository/Dashboard_Widgets/Dashboard_MyProfile/div_Ayushmaan' is: 'Manfred'

2018-12-03 17:54:32 - [MESSAGE][PASSED] - Actual object 'Manfred' and expected object 'Manfred' are equal

2018-12-03 17:54:32 - [TEST_STEP][PASSED] - verifyEqual: Actual object 'Last :' and expected object 'Last :' are equal

2018-12-03 17:54:32 - [MESSAGE][PASSED] - Text of object 'Object Repository/Dashboard_Widgets/Dashboard_MyProfile/div_Last' is: 'Last :'

2018-12-03 17:54:32 - [MESSAGE][PASSED] - Actual object 'Last :' and expected object 'Last :' are equal

2018-12-03 17:54:32 - [TEST_STEP][PASSED] - verifyEqual: Actual object 'Litzlbauer' and expected object 'Litzlbauer' are equal

2018-12-03 17:54:32 - [MESSAGE][PASSED] - Text of object 'Object Repository/Dashboard_Widgets/Dashboard_MyProfile/div_Agarwal' is: 'Litzlbauer'

2018-12-03 17:54:32 - [MESSAGE][PASSED] - Actual object 'Litzlbauer' and expected object 'Litzlbauer' are equal

2018-12-03 17:54:32 - [TEST_STEP][PASSED] - verifyEqual: Actual object 'Job Desc :' and expected object 'Job Desc :' are equal

2018-12-03 17:54:32 - [MESSAGE][PASSED] - Text of object 'Object Repository/Dashboard_Widgets/Dashboard_MyProfile/div_Job Desc' is: 'Job Desc :'

2018-12-03 17:54:32 - [MESSAGE][PASSED] - Actual object 'Job Desc :' and expected object 'Job Desc :' are equal

2018-12-03 17:54:32 - [TEST_STEP][PASSED] - verifyEqual: Actual object 'SALES SPECIALIST' and expected object 'SALES SPECIALIST' are equal

2018-12-03 17:54:32 - [MESSAGE][PASSED] - Text of object 'Object Repository/Dashboard_Widgets/Dashboard_MyProfile/div_Associate Manager - Sales' is: 'SALES SPECIALIST'

2018-12-03 17:54:32 - [MESSAGE][PASSED] - Actual object 'SALES SPECIALIST' and expected object 'SALES SPECIALIST' are equal

2018-12-03 17:54:32 - [TEST_STEP][PASSED] - verifyEqual: Actual object 'Manager :' and expected object 'Manager :' are equal

2018-12-03 17:54:32 - [MESSAGE][PASSED] - Text of object 'Object Repository/Dashboard_Widgets/Dashboard_MyProfile/div_Manager' is: 'Manager :'

2018-12-03 17:54:32 - [MESSAGE][PASSED] - Actual object 'Manager :' and expected object 'Manager :' are equal

2018-12-03 17:54:32 - [TEST_STEP][PASSED] - verifyEqual: Actual object 'Tim Weyl' and expected object 'Tim Weyl' are equal

2018-12-03 17:54:32 - [MESSAGE][PASSED] - Text of object 'Object Repository/Dashboard_Widgets/Dashboard_MyProfile/div_Hiral Somaiya' is: 'Tim Weyl'

2018-12-03 17:54:32 - [MESSAGE][PASSED] - Actual object 'Tim Weyl' and expected object 'Tim Weyl' are equal

2018-12-03 17:54:32 - [TEST_STEP][PASSED] - verifyEqual: Actual object 'PDT :' and expected object 'PDT :' are equal

2018-12-03 17:54:32 - [MESSAGE][PASSED] - Text of object 'Object Repository/Dashboard_Widgets/Dashboard_MyProfile/div_PDT' is: 'PDT :'

2018-12-03 17:54:32 - [MESSAGE][PASSED] - Actual object 'PDT :' and expected object 'PDT :' are equal

2018-12-03 17:54:32 - [TEST_STEP][PASSED] - verifyEqual: Actual object 'ECE59-AT' and expected object 'ECE59-AT' are equal

2018-12-03 17:54:32 - [MESSAGE][PASSED] - Text of object 'Object Repository/Dashboard_Widgets/Dashboard_MyProfile/div_APGUAR-IN' is: 'ECE59-AT'

2018-12-03 17:54:32 - [MESSAGE][PASSED] - Actual object 'ECE59-AT' and expected object 'ECE59-AT' are equal]]></system-out>
         <system-err><![CDATA[]]></system-err>
      </testcase>
      <testcase name="Test Cases/Dashboard_Lenovo/Dashboard_widgets/Dashboard_Percent_of_TI" classname="Test Cases/Dashboard_Lenovo/Dashboard_widgets/Dashboard_Percent_of_TI" status="PASSED">
         <system-out><![CDATA[2018-12-03 17:54:32 - [TEST_CASE][PASSED] - Test Cases/Dashboard_Lenovo/Dashboard_widgets/Dashboard_Percent_of_TI: Test Cases/Dashboard_Lenovo/Dashboard_widgets/Dashboard_Percent_of_TI

2018-12-03 17:54:33 - [TEST_STEP][PASSED] - mouseOver: Object: 'Object Repository/Dashboard_Widgets/Dashboard_Percent_of_TI/span_Percent of TI' is hovered

2018-12-03 17:54:33 - [MESSAGE][PASSED] - Object: 'Object Repository/Dashboard_Widgets/Dashboard_Percent_of_TI/span_Percent of TI' is hovered

2018-12-03 17:54:33 - [TEST_STEP][PASSED] - verifyElementText: Actual text and expected text of test object 'Object Repository/Dashboard_Widgets/Dashboard_Percent_of_TI/span_Percent of TI' are matched.

2018-12-03 17:54:33 - [MESSAGE][PASSED] - Actual text and expected text of test object 'Object Repository/Dashboard_Widgets/Dashboard_Percent_of_TI/span_Percent of TI' are matched.

2018-12-03 17:54:33 - [TEST_STEP][PASSED] - verifyEqual: Actual object '144.06%' and expected object '144.06%' are equal

2018-12-03 17:54:33 - [MESSAGE][PASSED] - Text of object 'Object Repository/Dashboard_Widgets/Dashboard_Percent_of_TI/Percent_of_TI_value' is: '144.06%'

2018-12-03 17:54:33 - [MESSAGE][PASSED] - Actual object '144.06%' and expected object '144.06%' are equal

2018-12-03 17:54:33 - [TEST_STEP][PASSED] - verifyEqual: Actual object '9,545.25' and expected object '9,545.25' are equal

2018-12-03 17:54:33 - [MESSAGE][PASSED] - Text of object 'Object Repository/Dashboard_Widgets/Dashboard_Percent_of_TI/Target_value' is: '9,545.25'

2018-12-03 17:54:33 - [MESSAGE][PASSED] - Actual object '9,545.25' and expected object '9,545.25' are equal

2018-12-03 17:54:33 - [TEST_STEP][PASSED] - verifyEqual: Actual object '13,750.98' and expected object '13,750.98' are equal

2018-12-03 17:54:33 - [MESSAGE][PASSED] - Text of object 'Object Repository/Dashboard_Widgets/Dashboard_Percent_of_TI/Achivement_val' is: '13,750.98'

2018-12-03 17:54:33 - [MESSAGE][PASSED] - Actual object '13,750.98' and expected object '13,750.98' are equal]]></system-out>
         <system-err><![CDATA[]]></system-err>
      </testcase>
      <testcase name="Test Cases/Dashboard_Lenovo/Dashboard_widgets/Dashboard_Element_1_Attainment" classname="Test Cases/Dashboard_Lenovo/Dashboard_widgets/Dashboard_Element_1_Attainment" status="PASSED">
         <system-out><![CDATA[2018-12-03 17:54:33 - [TEST_CASE][PASSED] - Test Cases/Dashboard_Lenovo/Dashboard_widgets/Dashboard_Element_1_Attainment: Test Cases/Dashboard_Lenovo/Dashboard_widgets/Dashboard_Element_1_Attainment

2018-12-03 17:54:33 - [TEST_STEP][PASSED] - mouseOver: Object: 'Object Repository/Dashboard_Widgets/Dashboard_Element_1_Attainment/span_Element 1 Attainment' is hovered

2018-12-03 17:54:33 - [MESSAGE][PASSED] - Object: 'Object Repository/Dashboard_Widgets/Dashboard_Element_1_Attainment/span_Element 1 Attainment' is hovered

2018-12-03 17:54:33 - [TEST_STEP][PASSED] - verifyEqual: Actual object '119.12%' and expected object '119.12%' are equal

2018-12-03 17:54:33 - [MESSAGE][PASSED] - Text of object 'Object Repository/Dashboard_Widgets/Dashboard_Element_1_Attainment/Element1_val' is: '119.12%'

2018-12-03 17:54:33 - [MESSAGE][PASSED] - Actual object '119.12%' and expected object '119.12%' are equal

2018-12-03 17:54:33 - [TEST_STEP][PASSED] - verifyElementText: Actual text and expected text of test object 'Object Repository/Dashboard_Widgets/Dashboard_Element_1_Attainment/span_Element 1 Attainment' are matched.

2018-12-03 17:54:34 - [MESSAGE][PASSED] - Actual text and expected text of test object 'Object Repository/Dashboard_Widgets/Dashboard_Element_1_Attainment/span_Element 1 Attainment' are matched.

2018-12-03 17:54:34 - [TEST_STEP][PASSED] - verifyEqual: Actual object '$3,150,000.00' and expected object '$3,150,000.00' are equal

2018-12-03 17:54:34 - [MESSAGE][PASSED] - Text of object 'Object Repository/Dashboard_Widgets/Dashboard_Element_1_Attainment/Quota_val' is: '$3,150,000.00'

2018-12-03 17:54:34 - [MESSAGE][PASSED] - Actual object '$3,150,000.00' and expected object '$3,150,000.00' are equal

2018-12-03 17:54:34 - [TEST_STEP][PASSED] - verifyEqual: Actual object '$3,752,141.61' and expected object '$3,752,141.61' are equal

2018-12-03 17:54:34 - [MESSAGE][PASSED] - Text of object 'Object Repository/Dashboard_Widgets/Dashboard_Element_1_Attainment/Attainment_val' is: '$3,752,141.61'

2018-12-03 17:54:34 - [MESSAGE][PASSED] - Actual object '$3,752,141.61' and expected object '$3,752,141.61' are equal]]></system-out>
         <system-err><![CDATA[]]></system-err>
      </testcase>
      <testcase name="Test Cases/Dashboard_Lenovo/Dashboard_widgets/Dashboard_Element_2_attainment" classname="Test Cases/Dashboard_Lenovo/Dashboard_widgets/Dashboard_Element_2_attainment" status="PASSED">
         <system-out><![CDATA[2018-12-03 17:54:34 - [TEST_CASE][PASSED] - Test Cases/Dashboard_Lenovo/Dashboard_widgets/Dashboard_Element_2_attainment: Test Cases/Dashboard_Lenovo/Dashboard_widgets/Dashboard_Element_2_attainment

2018-12-03 17:54:34 - [TEST_STEP][PASSED] - mouseOver: Object: 'Object Repository/Dashboard_Widgets/Dashboard_Element2_Attainment/span_Element 2 Attainment' is hovered

2018-12-03 17:54:34 - [MESSAGE][PASSED] - Object: 'Object Repository/Dashboard_Widgets/Dashboard_Element2_Attainment/span_Element 2 Attainment' is hovered

2018-12-03 17:54:34 - [TEST_STEP][PASSED] - verifyElementText: Actual text and expected text of test object 'Object Repository/Dashboard_Widgets/Dashboard_Element2_Attainment/span_Element 2 Attainment' are matched.

2018-12-03 17:54:34 - [MESSAGE][PASSED] - Actual text and expected text of test object 'Object Repository/Dashboard_Widgets/Dashboard_Element2_Attainment/span_Element 2 Attainment' are matched.

2018-12-03 17:54:34 - [TEST_STEP][PASSED] - verifyEqual: Actual object '$445,000.00' and expected object '$445,000.00' are equal

2018-12-03 17:54:34 - [MESSAGE][PASSED] - Text of object 'Object Repository/Dashboard_Widgets/Dashboard_Element2_Attainment/Quota2_val' is: '$445,000.00'

2018-12-03 17:54:34 - [MESSAGE][PASSED] - Actual object '$445,000.00' and expected object '$445,000.00' are equal

2018-12-03 17:54:34 - [TEST_STEP][PASSED] - verifyEqual: Actual object '93.15%' and expected object '93.15%' are equal

2018-12-03 17:54:34 - [MESSAGE][PASSED] - Text of object 'Object Repository/Dashboard_Widgets/Dashboard_Element2_Attainment/Element2val' is: '93.15%'

2018-12-03 17:54:34 - [MESSAGE][PASSED] - Actual object '93.15%' and expected object '93.15%' are equal

2018-12-03 17:54:34 - [TEST_STEP][PASSED] - verifyEqual: Actual object '$414,517.02' and expected object '$414,517.02' are equal

2018-12-03 17:54:34 - [MESSAGE][PASSED] - Text of object 'Object Repository/Dashboard_Widgets/Dashboard_Element2_Attainment/Attainment2_Val' is: '$414,517.02'

2018-12-03 17:54:34 - [MESSAGE][PASSED] - Actual object '$414,517.02' and expected object '$414,517.02' are equal]]></system-out>
         <system-err><![CDATA[]]></system-err>
      </testcase>
      <testcase name="Test Cases/Dashboard_Lenovo/Dashboard_widgets/Dashboard_Element_3_Attainment" classname="Test Cases/Dashboard_Lenovo/Dashboard_widgets/Dashboard_Element_3_Attainment" status="PASSED">
         <system-out><![CDATA[2018-12-03 17:54:34 - [TEST_CASE][PASSED] - Test Cases/Dashboard_Lenovo/Dashboard_widgets/Dashboard_Element_3_Attainment: Test Cases/Dashboard_Lenovo/Dashboard_widgets/Dashboard_Element_3_Attainment

2018-12-03 17:54:35 - [TEST_STEP][PASSED] - mouseOver: Object: 'Object Repository/Dashboard_Widgets/Dashboard_Element_3_Attainment/span_Element 3 Attainment' is hovered

2018-12-03 17:54:35 - [MESSAGE][PASSED] - Object: 'Object Repository/Dashboard_Widgets/Dashboard_Element_3_Attainment/span_Element 3 Attainment' is hovered

2018-12-03 17:54:35 - [TEST_STEP][PASSED] - verifyElementText: Actual text and expected text of test object 'Object Repository/Dashboard_Widgets/Dashboard_Element_3_Attainment/span_Element 3 Attainment' are matched.

2018-12-03 17:54:35 - [MESSAGE][PASSED] - Actual text and expected text of test object 'Object Repository/Dashboard_Widgets/Dashboard_Element_3_Attainment/span_Element 3 Attainment' are matched.

2018-12-03 17:54:35 - [TEST_STEP][PASSED] - verifyEqual: Actual object '148.91%' and expected object '148.91%' are equal

2018-12-03 17:54:35 - [MESSAGE][PASSED] - Text of object 'Object Repository/Dashboard_Widgets/Dashboard_Element_3_Attainment/Element3val' is: '148.91%'

2018-12-03 17:54:35 - [MESSAGE][PASSED] - Actual object '148.91%' and expected object '148.91%' are equal

2018-12-03 17:54:35 - [TEST_STEP][PASSED] - verifyEqual: Actual object '$300,000.00' and expected object '$300,000.00' are equal

2018-12-03 17:54:35 - [MESSAGE][PASSED] - Text of object 'Object Repository/Dashboard_Widgets/Dashboard_Element_3_Attainment/Quota3_val' is: '$300,000.00'

2018-12-03 17:54:35 - [MESSAGE][PASSED] - Actual object '$300,000.00' and expected object '$300,000.00' are equal

2018-12-03 17:54:35 - [TEST_STEP][PASSED] - verifyEqual: Actual object '$446,714.59' and expected object '$446,714.59' are equal

2018-12-03 17:54:35 - [MESSAGE][PASSED] - Text of object 'Object Repository/Dashboard_Widgets/Dashboard_Element_3_Attainment/Attainment3_val' is: '$446,714.59'

2018-12-03 17:54:35 - [MESSAGE][PASSED] - Actual object '$446,714.59' and expected object '$446,714.59' are equal]]></system-out>
         <system-err><![CDATA[]]></system-err>
      </testcase>
      <testcase name="Test Cases/Dashboard_Lenovo/Dashboard_widgets/Dashboard_attainment and quota/Dashboard_QTD_CPSandELEMENT1DATA" classname="Test Cases/Dashboard_Lenovo/Dashboard_widgets/Dashboard_attainment and quota/Dashboard_QTD_CPSandELEMENT1DATA" status="PASSED">
         <system-out><![CDATA[2018-12-03 17:54:35 - [TEST_CASE][PASSED] - Test Cases/Dashboard_Lenovo/Dashboard_widgets/Dashboard_attainment and quota/Dashboard_QTD_CPSandELEMENT1DATA: Test Cases/Dashboard_Lenovo/Dashboard_widgets/Dashboard_attainment and quota/Dashboard_QTD_CPSandELEMENT1DATA

2018-12-03 17:54:35 - [TEST_STEP][PASSED] - mouseOver: Object: 'Object Repository/Dashboard_Widgets/Dashboard_Attainment_and_quota_by _Quarter/Attainment and Quota by Q' is hovered

2018-12-03 17:54:35 - [MESSAGE][PASSED] - Object: 'Object Repository/Dashboard_Widgets/Dashboard_Attainment_and_quota_by _Quarter/Attainment and Quota by Q' is hovered

2018-12-03 17:54:35 - [TEST_STEP][PASSED] - verifyElementText: Actual text and expected text of test object 'Object Repository/Dashboard_Widgets/Dashboard_Attainment_and_quota_by _Quarter/Attainment and Quota by Q' are matched.

2018-12-03 17:54:35 - [MESSAGE][PASSED] - Actual text and expected text of test object 'Object Repository/Dashboard_Widgets/Dashboard_Attainment_and_quota_by _Quarter/Attainment and Quota by Q' are matched.

2018-12-03 17:54:35 - [TEST_STEP][PASSED] - verifyEqual: Actual object '1Q19' and expected object '1Q19' are equal

2018-12-03 17:54:35 - [MESSAGE][PASSED] - Text of object 'Object Repository/Dashboard_Widgets/Dashboard_Attainment_and_quota_by _Quarter/YearlyPeriods' is: '1Q19'

2018-12-03 17:54:35 - [MESSAGE][PASSED] - Actual object '1Q19' and expected object '1Q19' are equal

2018-12-03 17:54:35 - [TEST_STEP][PASSED] - verifyEqual: Actual object 'QTD CPS' and expected object 'QTD CPS' are equal

2018-12-03 17:54:36 - [MESSAGE][PASSED] - Text of object 'Object Repository/Dashboard_Widgets/Dashboard_Attainment_and_quota_by _Quarter/td_QTD CPS' is: 'QTD CPS'

2018-12-03 17:54:36 - [MESSAGE][PASSED] - Actual object 'QTD CPS' and expected object 'QTD CPS' are equal

2018-12-03 17:54:36 - [TEST_STEP][PASSED] - verifyEqual: Actual object '114.69%' and expected object '114.69%' are equal

2018-12-03 17:54:36 - [MESSAGE][PASSED] - Text of object 'Object Repository/Dashboard_Widgets/Dashboard_Attainment_and_quota_by _Quarter/Qtd cps' is: '114.69%'

2018-12-03 17:54:36 - [MESSAGE][PASSED] - Actual object '114.69%' and expected object '114.69%' are equal

2018-12-03 17:54:36 - [TEST_STEP][PASSED] - verifyEqual: Actual object 'Element 1 Quota' and expected object 'Element 1 Quota' are equal

2018-12-03 17:54:36 - [MESSAGE][PASSED] - Text of object 'Object Repository/Dashboard_Widgets/Dashboard_Attainment_and_quota_by _Quarter/td_Element 1 Quota' is: 'Element 1 Quota'

2018-12-03 17:54:36 - [MESSAGE][PASSED] - Actual object 'Element 1 Quota' and expected object 'Element 1 Quota' are equal

2018-12-03 17:54:36 - [TEST_STEP][PASSED] - verifyEqual: Actual object '3,150,000.00' and expected object '3,150,000.00' are equal

2018-12-03 17:54:36 - [MESSAGE][PASSED] - Text of object 'Object Repository/Dashboard_Widgets/Dashboard_Attainment_and_quota_by _Quarter/Element Quota' is: '3,150,000.00'

2018-12-03 17:54:36 - [MESSAGE][PASSED] - Actual object '3,150,000.00' and expected object '3,150,000.00' are equal

2018-12-03 17:54:36 - [TEST_STEP][PASSED] - verifyEqual: Actual object 'Element 1 Attainment' and expected object 'Element 1 Attainment' are equal

2018-12-03 17:54:36 - [MESSAGE][PASSED] - Text of object 'Object Repository/Dashboard_Widgets/Dashboard_Attainment_and_quota_by _Quarter/td_Element 1 Attainment' is: 'Element 1 Attainment'

2018-12-03 17:54:36 - [MESSAGE][PASSED] - Actual object 'Element 1 Attainment' and expected object 'Element 1 Attainment' are equal

2018-12-03 17:54:36 - [TEST_STEP][PASSED] - verifyEqual: Actual object '3,752,141.61' and expected object '3,752,141.61' are equal

2018-12-03 17:54:36 - [MESSAGE][PASSED] - Text of object 'Object Repository/Dashboard_Widgets/Dashboard_Attainment_and_quota_by _Quarter/Element1 Attainment' is: '3,752,141.61'

2018-12-03 17:54:36 - [MESSAGE][PASSED] - Actual object '3,752,141.61' and expected object '3,752,141.61' are equal

2018-12-03 17:54:36 - [TEST_STEP][PASSED] - verifyEqual: Actual object 'Element 1 Attainment %' and expected object 'Element 1 Attainment %' are equal

2018-12-03 17:54:36 - [MESSAGE][PASSED] - Text of object 'Object Repository/Dashboard_Widgets/Dashboard_Attainment_and_quota_by _Quarter/td_Element 1 AttainmentPercentage' is: 'Element 1 Attainment %'

2018-12-03 17:54:36 - [MESSAGE][PASSED] - Actual object 'Element 1 Attainment %' and expected object 'Element 1 Attainment %' are equal

2018-12-03 17:54:36 - [TEST_STEP][PASSED] - verifyEqual: Actual object '119.12%' and expected object '119.12%' are equal

2018-12-03 17:54:36 - [MESSAGE][PASSED] - Text of object 'Object Repository/Dashboard_Widgets/Dashboard_Attainment_and_quota_by _Quarter/Percentage of Element1 attainment' is: '119.12%'

2018-12-03 17:54:36 - [MESSAGE][PASSED] - Actual object '119.12%' and expected object '119.12%' are equal]]></system-out>
         <system-err><![CDATA[]]></system-err>
      </testcase>
      <testcase name="Test Cases/Dashboard_Lenovo/Dashboard_widgets/Dashboard_attainment and quota/Dashboard_Element2val" classname="Test Cases/Dashboard_Lenovo/Dashboard_widgets/Dashboard_attainment and quota/Dashboard_Element2val" status="PASSED">
         <system-out><![CDATA[2018-12-03 17:54:36 - [TEST_CASE][PASSED] - Test Cases/Dashboard_Lenovo/Dashboard_widgets/Dashboard_attainment and quota/Dashboard_Element2val: Test Cases/Dashboard_Lenovo/Dashboard_widgets/Dashboard_attainment and quota/Dashboard_Element2val

2018-12-03 17:54:37 - [TEST_STEP][PASSED] - verifyEqual: Actual object 'Element 2 Quota' and expected object 'Element 2 Quota' are equal

2018-12-03 17:54:37 - [MESSAGE][PASSED] - Text of object 'Object Repository/Dashboard_Widgets/Dashboard_Attainment_and_quota_by _Quarter/td_Element 2 Quota' is: 'Element 2 Quota'

2018-12-03 17:54:37 - [MESSAGE][PASSED] - Actual object 'Element 2 Quota' and expected object 'Element 2 Quota' are equal

2018-12-03 17:54:37 - [TEST_STEP][PASSED] - verifyEqual: Actual object '445,000.00' and expected object '445,000.00' are equal

2018-12-03 17:54:37 - [MESSAGE][PASSED] - Text of object 'Object Repository/Dashboard_Widgets/Dashboard_Attainment_and_quota_by _Quarter/Quota2val' is: '445,000.00'

2018-12-03 17:54:37 - [MESSAGE][PASSED] - Actual object '445,000.00' and expected object '445,000.00' are equal

2018-12-03 17:54:37 - [TEST_STEP][PASSED] - verifyEqual: Actual object 'Element 2 Attainment' and expected object 'Element 2 Attainment' are equal

2018-12-03 17:54:37 - [MESSAGE][PASSED] - Text of object 'Object Repository/Dashboard_Widgets/Dashboard_Attainment_and_quota_by _Quarter/td_Element 2 Attainment' is: 'Element 2 Attainment'

2018-12-03 17:54:37 - [MESSAGE][PASSED] - Actual object 'Element 2 Attainment' and expected object 'Element 2 Attainment' are equal

2018-12-03 17:54:37 - [TEST_STEP][PASSED] - verifyEqual: Actual object '414,517.02' and expected object '414,517.02' are equal

2018-12-03 17:54:37 - [MESSAGE][PASSED] - Text of object 'Object Repository/Dashboard_Widgets/Dashboard_Attainment_and_quota_by _Quarter/attainment2val' is: '414,517.02'

2018-12-03 17:54:37 - [MESSAGE][PASSED] - Actual object '414,517.02' and expected object '414,517.02' are equal

2018-12-03 17:54:37 - [TEST_STEP][PASSED] - verifyEqual: Actual object 'Element 2 Attainment %' and expected object 'Element 2 Attainment %' are equal

2018-12-03 17:54:37 - [MESSAGE][PASSED] - Text of object 'Object Repository/Dashboard_Widgets/Dashboard_Attainment_and_quota_by _Quarter/td_Element 2 AttainmentPercentage' is: 'Element 2 Attainment %'

2018-12-03 17:54:37 - [MESSAGE][PASSED] - Actual object 'Element 2 Attainment %' and expected object 'Element 2 Attainment %' are equal

2018-12-03 17:54:37 - [TEST_STEP][PASSED] - verifyEqual: Actual object '93.15%' and expected object '93.15%' are equal

2018-12-03 17:54:37 - [MESSAGE][PASSED] - Text of object 'Object Repository/Dashboard_Widgets/Dashboard_Attainment_and_quota_by _Quarter/percentage2attainmentvalue' is: '93.15%'

2018-12-03 17:54:37 - [MESSAGE][PASSED] - Actual object '93.15%' and expected object '93.15%' are equal]]></system-out>
         <system-err><![CDATA[]]></system-err>
      </testcase>
      <testcase name="Test Cases/Dashboard_Lenovo/Dashboard_widgets/Dashboard_attainment and quota/Dashboard_Element3Val" classname="Test Cases/Dashboard_Lenovo/Dashboard_widgets/Dashboard_attainment and quota/Dashboard_Element3Val" status="PASSED">
         <system-out><![CDATA[2018-12-03 17:54:37 - [TEST_CASE][PASSED] - Test Cases/Dashboard_Lenovo/Dashboard_widgets/Dashboard_attainment and quota/Dashboard_Element3Val: Test Cases/Dashboard_Lenovo/Dashboard_widgets/Dashboard_attainment and quota/Dashboard_Element3Val

2018-12-03 17:54:37 - [TEST_STEP][PASSED] - verifyEqual: Actual object 'Element 3 Quota' and expected object 'Element 3 Quota' are equal

2018-12-03 17:54:37 - [MESSAGE][PASSED] - Text of object 'Object Repository/Dashboard_Widgets/Dashboard_Attainment_and_quota_by _Quarter/td_Element 3 Quota' is: 'Element 3 Quota'

2018-12-03 17:54:37 - [MESSAGE][PASSED] - Actual object 'Element 3 Quota' and expected object 'Element 3 Quota' are equal

2018-12-03 17:54:37 - [TEST_STEP][PASSED] - verifyEqual: Actual object '300,000.00' and expected object '300,000.00' are equal

2018-12-03 17:54:38 - [MESSAGE][PASSED] - Text of object 'Object Repository/Dashboard_Widgets/Dashboard_Attainment_and_quota_by _Quarter/Quota3' is: '300,000.00'

2018-12-03 17:54:38 - [MESSAGE][PASSED] - Actual object '300,000.00' and expected object '300,000.00' are equal

2018-12-03 17:54:38 - [TEST_STEP][PASSED] - verifyEqual: Actual object 'Element 3 Attainment' and expected object 'Element 3 Attainment' are equal

2018-12-03 17:54:38 - [MESSAGE][PASSED] - Text of object 'Object Repository/Dashboard_Widgets/Dashboard_Attainment_and_quota_by _Quarter/td_Element 3 Attainment' is: 'Element 3 Attainment'

2018-12-03 17:54:38 - [MESSAGE][PASSED] - Actual object 'Element 3 Attainment' and expected object 'Element 3 Attainment' are equal

2018-12-03 17:54:38 - [TEST_STEP][PASSED] - verifyEqual: Actual object '446,714.59' and expected object '446,714.59' are equal

2018-12-03 17:54:38 - [MESSAGE][PASSED] - Text of object 'Object Repository/Dashboard_Widgets/Dashboard_Attainment_and_quota_by _Quarter/Attainment3val' is: '446,714.59'

2018-12-03 17:54:38 - [MESSAGE][PASSED] - Actual object '446,714.59' and expected object '446,714.59' are equal

2018-12-03 17:54:38 - [TEST_STEP][PASSED] - verifyEqual: Actual object 'Element 3 Attainment %' and expected object 'Element 3 Attainment %' are equal

2018-12-03 17:54:38 - [MESSAGE][PASSED] - Text of object 'Object Repository/Dashboard_Widgets/Dashboard_Attainment_and_quota_by _Quarter/td_Element 3 Attainmentpercentage' is: 'Element 3 Attainment %'

2018-12-03 17:54:38 - [MESSAGE][PASSED] - Actual object 'Element 3 Attainment %' and expected object 'Element 3 Attainment %' are equal

2018-12-03 17:54:38 - [TEST_STEP][PASSED] - verifyEqual: Actual object '148.91%' and expected object '148.91%' are equal

2018-12-03 17:54:38 - [MESSAGE][PASSED] - Text of object 'Object Repository/Dashboard_Widgets/Dashboard_Attainment_and_quota_by _Quarter/Percentage3attainmentval' is: '148.91%'

2018-12-03 17:54:38 - [MESSAGE][PASSED] - Actual object '148.91%' and expected object '148.91%' are equal]]></system-out>
         <system-err><![CDATA[]]></system-err>
      </testcase>
      <testcase name="Test Cases/Dashboard_Lenovo/Dashboard_widgets/Dashobard_currentyearpayments" classname="Test Cases/Dashboard_Lenovo/Dashboard_widgets/Dashobard_currentyearpayments" status="PASSED">
         <system-out><![CDATA[2018-12-03 17:54:38 - [TEST_CASE][PASSED] - Test Cases/Dashboard_Lenovo/Dashboard_widgets/Dashobard_currentyearpayments: Test Cases/Dashboard_Lenovo/Dashboard_widgets/Dashobard_currentyearpayments

2018-12-03 17:54:38 - [TEST_STEP][PASSED] - mouseOver: Object: 'Object Repository/Dashboard_Widgets/Dashbaoard_currentyearpayments/Current_YearPayments' is hovered

2018-12-03 17:54:38 - [MESSAGE][PASSED] - Object: 'Object Repository/Dashboard_Widgets/Dashbaoard_currentyearpayments/Current_YearPayments' is hovered

2018-12-03 17:54:38 - [TEST_STEP][PASSED] - verifyElementText: Actual text and expected text of test object 'Object Repository/Dashboard_Widgets/Dashbaoard_currentyearpayments/Current_YearPayments' are matched.

2018-12-03 17:54:38 - [MESSAGE][PASSED] - Actual text and expected text of test object 'Object Repository/Dashboard_Widgets/Dashbaoard_currentyearpayments/Current_YearPayments' are matched.]]></system-out>
         <system-err><![CDATA[]]></system-err>
      </testcase>
      <system-out><![CDATA[2018-12-03 17:52:31 - [TEST_SUITE][PASSED] - LeveragePlan1: Test Cases/Dashboard_Lenovo/Dashboard_widgets/Dashobard_currentyearpayments]]></system-out>
      <system-err><![CDATA[]]></system-err>
   </testsuite>
</testsuites>
