<?xml version="1.0" encoding="UTF-8"?>
<testsuites name="Gauranteeplan" time="0" tests="0" failures="0" errors="0">
   <testsuite name="Gauranteeplan" tests="0" failures="0" errors="0" time="0" timestamp="2018-11-22 18:44:47" hostname="rkulkarn - 41XHMV1-E6330.callidussoftware.com" id="Test Suites/Gauranteeplan">
      <properties>
         <property name="deviceName" value=""/>
         <property name="devicePlatform" value=""/>
         <property name="logFolder" value="C:\\Users\\rkulkarn\\git\\Dashboard\\Reports\\Gauranteeplan\\20181122_184444"/>
         <property name="logFiles" value="C:\\Users\\rkulkarn\\git\\Dashboard\\Reports\\Gauranteeplan\\20181122_184444\\execution0.log"/>
         <property name="attachments" value=""/>
         <property name="hostName" value="rkulkarn - 41XHMV1-E6330.callidussoftware.com"/>
         <property name="hostAddress" value="192.168.245.23"/>
         <property name="os" value="Windows 10 64bit"/>
         <property name="katalonVersion" value="5.7.0.1"/>
      </properties>
      <system-out><![CDATA[2018-11-22 18:44:47 - [TEST_SUITE][INCOMPLETE] - Gauranteeplan: null]]></system-out>
      <system-err><![CDATA[2018-11-22 18:44:47 - [TEST_SUITE][INCOMPLETE] - Gauranteeplan: null]]></system-err>
   </testsuite>
</testsuites>
