<?xml version="1.0" encoding="UTF-8"?>
<testsuites name="Gauranteeplan1" time="122" tests="11" failures="0" errors="0">
   <testsuite name="Gauranteeplan1" tests="11" failures="0" errors="0" time="122" timestamp="2018-12-05 15:50:21" hostname="rkulkarn - 41XHMV1-E6330.callidussoftware.com" id="Test Suites/Gauranteeplan1">
      <properties>
         <property name="deviceName" value=""/>
         <property name="devicePlatform" value=""/>
         <property name="logFolder" value="C:\\Users\\rkulkarn\\git\\Dashboard\\Reports\\Gauranteeplan1\\20181205_155017"/>
         <property name="logFiles" value="C:\\Users\\rkulkarn\\git\\Dashboard\\Reports\\Gauranteeplan1\\20181205_155017\\execution0.log"/>
         <property name="attachments" value=""/>
         <property name="hostName" value="rkulkarn - 41XHMV1-E6330.callidussoftware.com"/>
         <property name="os" value="Windows 10 64bit"/>
         <property name="katalonVersion" value="5.7.0.1"/>
         <property name="browser" value="Chrome 70.0.3538.110"/>
         <property name="hostAddress" value="192.168.241.28"/>
         <property name="sessionId" value="108cb49bfe7235ce88ba60b4bc6ac907"/>
         <property name="seleniumVersion" value="3.7.1"/>
         <property name="proxyInformation" value="ProxyInformation{proxyOption=NO_PROXY, proxyServerType=HTTP, password=, proxyServerAddress=, proxyServerPort=0}"/>
         <property name="platform" value="Windows 10"/>
      </properties>
      <testcase name="Test Cases/Dashboard_Lenovo/Dashboard_login" classname="Test Cases/Dashboard_Lenovo/Dashboard_login" status="PASSED">
         <system-out><![CDATA[2018-12-05 15:50:21 - [TEST_CASE][PASSED] - Test Cases/Dashboard_Lenovo/Dashboard_login: Test Cases/Dashboard_Lenovo/Dashboard_login

2018-12-05 15:50:22 - [TEST_STEP][PASSED] - openBrowser: Browser is opened with url: ''

2018-12-05 15:50:27 - [MESSAGE][PASSED] - Browser is opened with url: ''

2018-12-05 15:50:27 - [TEST_STEP][PASSED] - navigateToUrl: Navigate to 'https://lnvo-muat.callidusondemand.com/SalesPortal/#!/' successfully

2018-12-05 15:50:32 - [MESSAGE][PASSED] - Navigate to 'https://lnvo-muat.callidusondemand.com/SalesPortal/#!/' successfully

2018-12-05 15:50:32 - [TEST_STEP][PASSED] - maximizeWindow: Current window maximized

2018-12-05 15:50:33 - [MESSAGE][PASSED] - Current window maximized

2018-12-05 15:50:33 - [TEST_STEP][PASSED] - delay: Delayed 3 second(s)

2018-12-05 15:50:36 - [MESSAGE][PASSED] - Delayed 3 second(s)

2018-12-05 15:50:36 - [TEST_STEP][PASSED] - setText: Text 'sapattna' is set on object 'Object Repository/Dashboard_login/input_username'

2018-12-05 15:50:36 - [MESSAGE][PASSED] - Text 'sapattna' is set on object 'Object Repository/Dashboard_login/input_username'

2018-12-05 15:50:36 - [TEST_STEP][PASSED] - delay: Delayed 3 second(s)

2018-12-05 15:50:39 - [MESSAGE][PASSED] - Delayed 3 second(s)

2018-12-05 15:50:39 - [TEST_STEP][PASSED] - setText: Text 'Callidus123' is set on object 'Object Repository/Dashboard_login/input_password'

2018-12-05 15:50:40 - [MESSAGE][PASSED] - Text 'Callidus123' is set on object 'Object Repository/Dashboard_login/input_password'

2018-12-05 15:50:40 - [TEST_STEP][PASSED] - click: Object: 'Object Repository/Dashboard_login/button_Login' is clicked on

2018-12-05 15:50:40 - [MESSAGE][PASSED] - Object: 'Object Repository/Dashboard_login/button_Login' is clicked on]]></system-out>
         <system-err><![CDATA[]]></system-err>
      </testcase>
      <testcase name="Test Cases/Dashboard_Lenovo/Dashboard_Planfloder/Dashboard_Plan" classname="Test Cases/Dashboard_Lenovo/Dashboard_Planfloder/Dashboard_Plan" status="PASSED">
         <system-out><![CDATA[2018-12-05 15:50:40 - [TEST_CASE][PASSED] - Test Cases/Dashboard_Lenovo/Dashboard_Planfloder/Dashboard_Plan: Test Cases/Dashboard_Lenovo/Dashboard_Planfloder/Dashboard_Plan

2018-12-05 15:50:41 - [TEST_STEP][PASSED] - Statement - java.lang.Thread.sleep(3000): null

2018-12-05 15:50:44 - [TEST_STEP][PASSED] - click: Object: 'Object Repository/Dashboard_Plan/a_Dashboards' is clicked on

2018-12-05 15:50:44 - [MESSAGE][PASSED] - Object: 'Object Repository/Dashboard_Plan/a_Dashboards' is clicked on

2018-12-05 15:50:44 - [TEST_STEP][PASSED] - delay: Delayed 1 second(s)

2018-12-05 15:50:45 - [MESSAGE][PASSED] - Delayed 1 second(s)

2018-12-05 15:50:45 - [TEST_STEP][PASSED] - click: Object: 'Object Repository/Dashboard_Plan/input_Search_form-control ng-p' is clicked on

2018-12-05 15:50:46 - [MESSAGE][PASSED] - Object: 'Object Repository/Dashboard_Plan/input_Search_form-control ng-p' is clicked on

2018-12-05 15:50:46 - [TEST_STEP][PASSED] - setText: Text 'AP Guarantee plan-1 Element' is set on object 'Object Repository/Dashboard_Plan/input_Search_form-control ng-p'

2018-12-05 15:50:46 - [MESSAGE][PASSED] - Text 'AP Guarantee plan-1 Element' is set on object 'Object Repository/Dashboard_Plan/input_Search_form-control ng-p'

2018-12-05 15:50:46 - [TEST_STEP][PASSED] - globalkeywords.record.RecordNotFound: globalkeywords.record.RecordNotFound is PASSED

2018-12-05 15:50:58 - [MESSAGE][WARNING] - Object 'Object Repository/No_Results_Found/span_No results found.' is not present after 10 second(s)

2018-12-05 15:50:58 - [MESSAGE][PASSED] - globalkeywords.record.RecordNotFound is PASSED

2018-12-05 15:50:58 - [TEST_STEP][PASSED] - Statement - myobj = new com.kms.katalon.core.testobject.TestObject(Dynamic Boject): null

2018-12-05 15:50:58 - [TEST_STEP][PASSED] - Statement - plansearch = Plans: null

2018-12-05 15:50:58 - [TEST_STEP][PASSED] - Statement - xpath = "//span[normalize-space(text())="" + plansearch + ""]": null

2018-12-05 15:50:58 - [TEST_STEP][PASSED] - Statement - myobj.addProperty("xpath", EQUALS, xpath): null

2018-12-05 15:50:58 - [TEST_STEP][PASSED] - Statement - java.lang.Thread.sleep(2000): null

2018-12-05 15:51:00 - [TEST_STEP][PASSED] - click: Object: 'Dynamic Boject' is clicked on

2018-12-05 15:51:00 - [MESSAGE][PASSED] - Object: 'Dynamic Boject' is clicked on]]></system-out>
         <system-err><![CDATA[]]></system-err>
      </testcase>
      <testcase name="Test Cases/Dashboard_Lenovo/Dashboard_Planfloder/Dashboard_PlanActions" classname="Test Cases/Dashboard_Lenovo/Dashboard_Planfloder/Dashboard_PlanActions" status="PASSED">
         <system-out><![CDATA[2018-12-05 15:51:00 - [TEST_CASE][PASSED] - Test Cases/Dashboard_Lenovo/Dashboard_Planfloder/Dashboard_PlanActions: Test Cases/Dashboard_Lenovo/Dashboard_Planfloder/Dashboard_PlanActions

2018-12-05 15:51:01 - [TEST_STEP][PASSED] - delay: Delayed 3 second(s)

2018-12-05 15:51:04 - [MESSAGE][PASSED] - Delayed 3 second(s)

2018-12-05 15:51:04 - [TEST_STEP][PASSED] - Statement - myobj1 = new com.kms.katalon.core.testobject.TestObject(Dynamic object): null

2018-12-05 15:51:04 - [TEST_STEP][PASSED] - Statement - plansearch1 = Plans: null

2018-12-05 15:51:04 - [TEST_STEP][PASSED] - Statement - xpath = "(//*[normalize-space(text()) and normalize-space(.)="" + plansearch1 + ""])[2]/following::i[1]": null

2018-12-05 15:51:04 - [TEST_STEP][PASSED] - Statement - myobj1.addProperty("xpath", EQUALS, xpath): null

2018-12-05 15:51:04 - [TEST_STEP][PASSED] - Statement - java.lang.Thread.sleep(2000): null

2018-12-05 15:51:06 - [TEST_STEP][PASSED] - click: Object: 'Dynamic object' is clicked on

2018-12-05 15:51:06 - [MESSAGE][PASSED] - Object: 'Dynamic object' is clicked on

2018-12-05 15:51:06 - [TEST_STEP][PASSED] - switchToWindowIndex: Switched to window with index: '1'

2018-12-05 15:51:06 - [MESSAGE][PASSED] - Switched to window with index: '1'

2018-12-05 15:51:06 - [TEST_STEP][PASSED] - waitForElementVisible: Object 'Object Repository/Dashboard_Date/span_Please enter at least 3 c' is visible

2018-12-05 15:51:11 - [MESSAGE][PASSED] - Object 'Object Repository/Dashboard_Date/span_Please enter at least 3 c' is visible

2018-12-05 15:51:11 - [TEST_STEP][PASSED] - click: Object: 'Object Repository/Dashboard_Date/span_Please enter at least 3 c' is clicked on

2018-12-05 15:51:12 - [MESSAGE][PASSED] - Object: 'Object Repository/Dashboard_Date/span_Please enter at least 3 c' is clicked on]]></system-out>
         <system-err><![CDATA[]]></system-err>
      </testcase>
      <testcase name="Test Cases/Dashboard_Lenovo/Dashboard_date" classname="Test Cases/Dashboard_Lenovo/Dashboard_date" status="PASSED">
         <system-out><![CDATA[2018-12-05 15:51:12 - [TEST_CASE][PASSED] - Test Cases/Dashboard_Lenovo/Dashboard_date: Test Cases/Dashboard_Lenovo/Dashboard_date

2018-12-05 15:51:12 - [TEST_STEP][PASSED] - delay: Delayed 10 second(s)

2018-12-05 15:51:22 - [MESSAGE][PASSED] - Delayed 10 second(s)

2018-12-05 15:51:22 - [TEST_STEP][PASSED] - click: Object: 'Object Repository/Dashboard_Date/span_Select period' is clicked on

2018-12-05 15:51:22 - [MESSAGE][PASSED] - Object: 'Object Repository/Dashboard_Date/span_Select period' is clicked on

2018-12-05 15:51:22 - [TEST_STEP][PASSED] - delay: Delayed 10 second(s)

2018-12-05 15:51:32 - [MESSAGE][PASSED] - Delayed 10 second(s)

2018-12-05 15:51:32 - [TEST_STEP][PASSED] - click: Object: 'Object Repository/Dashboard_Date/Input_of_date' is clicked on

2018-12-05 15:51:32 - [MESSAGE][PASSED] - Object: 'Object Repository/Dashboard_Date/Input_of_date' is clicked on

2018-12-05 15:51:32 - [TEST_STEP][PASSED] - delay: Delayed 10 second(s)

2018-12-05 15:51:42 - [MESSAGE][PASSED] - Delayed 10 second(s)

2018-12-05 15:51:42 - [TEST_STEP][PASSED] - setText: Text 'June 2018' is set on object 'Object Repository/Dashboard_Date/Input_of_date'

2018-12-05 15:51:43 - [MESSAGE][PASSED] - Text 'June 2018' is set on object 'Object Repository/Dashboard_Date/Input_of_date'

2018-12-05 15:51:43 - [TEST_STEP][PASSED] - globalkeywords.record.RecordNotFound: globalkeywords.record.RecordNotFound is PASSED

2018-12-05 15:51:55 - [MESSAGE][WARNING] - Object 'Object Repository/No_Results_Found/span_No results found.' is not present after 10 second(s)

2018-12-05 15:51:55 - [MESSAGE][PASSED] - globalkeywords.record.RecordNotFound is PASSED

2018-12-05 15:51:55 - [TEST_STEP][PASSED] - Statement - robot = new java.awt.Robot(): null

2018-12-05 15:51:55 - [TEST_STEP][PASSED] - Statement - robot.keyPress(VK_ENTER): null

2018-12-05 15:51:55 - [TEST_STEP][PASSED] - Statement - java.lang.Thread.sleep(2000): null

2018-12-05 15:51:57 - [TEST_STEP][PASSED] - Statement - robot.keyRelease(VK_ENTER): null

2018-12-05 15:51:57 - [TEST_STEP][NOT_RUN] - click: NOT_RUN: click

2018-12-05 15:51:57 - [MESSAGE][NOT_RUN] - NOT_RUN: click]]></system-out>
         <system-err><![CDATA[]]></system-err>
      </testcase>
      <testcase name="Test Cases/Dashboard_Lenovo/Dashboard_Participant" classname="Test Cases/Dashboard_Lenovo/Dashboard_Participant" status="PASSED">
         <system-out><![CDATA[2018-12-05 15:51:57 - [TEST_CASE][PASSED] - Test Cases/Dashboard_Lenovo/Dashboard_Participant: Test Cases/Dashboard_Lenovo/Dashboard_Participant

2018-12-05 15:51:58 - [TEST_STEP][PASSED] - click: Object: 'Object Repository/Dashboard_Date/span_Please enter at least 3 c' is clicked on

2018-12-05 15:51:58 - [MESSAGE][PASSED] - Object: 'Object Repository/Dashboard_Date/span_Please enter at least 3 c' is clicked on

2018-12-05 15:51:58 - [TEST_STEP][PASSED] - setText: Text 'Ayush' is set on object 'Object Repository/Dashboard_Date/input_Please enter at least 3'

2018-12-05 15:51:58 - [MESSAGE][PASSED] - Text 'Ayush' is set on object 'Object Repository/Dashboard_Date/input_Please enter at least 3'

2018-12-05 15:51:58 - [TEST_STEP][PASSED] - delay: Delayed 15 second(s)

2018-12-05 15:52:13 - [MESSAGE][PASSED] - Delayed 15 second(s)

2018-12-05 15:52:13 - [TEST_STEP][PASSED] - Statement - robot = new java.awt.Robot(): null

2018-12-05 15:52:13 - [TEST_STEP][PASSED] - Statement - robot.keyPress(VK_ENTER): null

2018-12-05 15:52:13 - [TEST_STEP][PASSED] - Statement - java.lang.Thread.sleep(2000): null

2018-12-05 15:52:15 - [TEST_STEP][PASSED] - Statement - robot.keyRelease(VK_ENTER): null

2018-12-05 15:52:15 - [TEST_STEP][PASSED] - Statement - ParticipantName = <not implemented yet for class: org.codehaus.groovy.ast.expr.EmptyExpression>: null

2018-12-05 15:52:15 - [TEST_STEP][PASSED] - Statement - Try: null

2018-12-05 15:52:15 - [TEST_STEP][PASSED] - Statement - part = com.kms.katalon.core.webui.keyword.WebUiBuiltInKeywords.waitForElementPresent(com.kms.katalon.core.testobject.ObjectRepository.findTestObject(Dashboard_Widgets/Dashboard_QTD_CPS_Attainment/span_QTD CPS Attainment), 5): Object 'Object Repository/Dashboard_Widgets/Dashboard_QTD_CPS_Attainment/span_QTD CPS Attainment' is present

2018-12-05 15:52:15 - [MESSAGE][PASSED] - Object 'Object Repository/Dashboard_Widgets/Dashboard_QTD_CPS_Attainment/span_QTD CPS Attainment' is present

2018-12-05 15:52:15 - [TEST_STEP][PASSED] - Statement - If (part == false): null]]></system-out>
         <system-err><![CDATA[]]></system-err>
      </testcase>
      <testcase name="Test Cases/Dashboard_Lenovo/Dashboard_widgets/Widget1_QTD_CPS_Attainment" classname="Test Cases/Dashboard_Lenovo/Dashboard_widgets/Widget1_QTD_CPS_Attainment" status="PASSED">
         <system-out><![CDATA[2018-12-05 15:52:15 - [TEST_CASE][PASSED] - Test Cases/Dashboard_Lenovo/Dashboard_widgets/Widget1_QTD_CPS_Attainment: Test Cases/Dashboard_Lenovo/Dashboard_widgets/Widget1_QTD_CPS_Attainment

2018-12-05 15:52:16 - [TEST_STEP][PASSED] - mouseOver: Object: 'Object Repository/Dashboard_Widgets/Dashboard_QTD_CPS_Attainment/span_QTD CPS Attainment' is hovered

2018-12-05 15:52:16 - [MESSAGE][PASSED] - Object: 'Object Repository/Dashboard_Widgets/Dashboard_QTD_CPS_Attainment/span_QTD CPS Attainment' is hovered

2018-12-05 15:52:16 - [TEST_STEP][PASSED] - verifyElementText: Actual text and expected text of test object 'Object Repository/Dashboard_Widgets/Dashboard_QTD_CPS_Attainment/span_QTD CPS Attainment' are matched.

2018-12-05 15:52:17 - [MESSAGE][PASSED] - Actual text and expected text of test object 'Object Repository/Dashboard_Widgets/Dashboard_QTD_CPS_Attainment/span_QTD CPS Attainment' are matched.

2018-12-05 15:52:17 - [TEST_STEP][PASSED] - verifyEqual: Actual object '0.00%' and expected object '0.00%' are equal

2018-12-05 15:52:17 - [MESSAGE][PASSED] - Text of object 'Object Repository/Dashboard_Widgets/Dashboard_QTD_CPS_Attainment/QTD_CPS_attainment_value' is: '0.00%'

2018-12-05 15:52:17 - [MESSAGE][PASSED] - Actual object '0.00%' and expected object '0.00%' are equal]]></system-out>
         <system-err><![CDATA[]]></system-err>
      </testcase>
      <testcase name="Test Cases/Dashboard_Lenovo/Dashboard_widgets/Widget2_Myprofile" classname="Test Cases/Dashboard_Lenovo/Dashboard_widgets/Widget2_Myprofile" status="PASSED">
         <system-out><![CDATA[2018-12-05 15:52:17 - [TEST_CASE][PASSED] - Test Cases/Dashboard_Lenovo/Dashboard_widgets/Widget2_Myprofile: Test Cases/Dashboard_Lenovo/Dashboard_widgets/Widget2_Myprofile

2018-12-05 15:52:18 - [TEST_STEP][PASSED] - mouseOver: Object: 'Object Repository/Dashboard_Widgets/Dashboard_MyProfile/span_My Profile' is hovered

2018-12-05 15:52:18 - [MESSAGE][PASSED] - Object: 'Object Repository/Dashboard_Widgets/Dashboard_MyProfile/span_My Profile' is hovered

2018-12-05 15:52:18 - [TEST_STEP][PASSED] - verifyElementText: Actual text and expected text of test object 'Object Repository/Dashboard_Widgets/Dashboard_MyProfile/span_My Profile' are matched.

2018-12-05 15:52:18 - [MESSAGE][PASSED] - Actual text and expected text of test object 'Object Repository/Dashboard_Widgets/Dashboard_MyProfile/span_My Profile' are matched.

2018-12-05 15:52:18 - [TEST_STEP][PASSED] - verifyEqual: Actual object 'First :' and expected object 'First :' are equal

2018-12-05 15:52:18 - [MESSAGE][PASSED] - Text of object 'Object Repository/Dashboard_Widgets/Dashboard_Myprofile/div_First' is: 'First :'

2018-12-05 15:52:18 - [MESSAGE][PASSED] - Actual object 'First :' and expected object 'First :' are equal

2018-12-05 15:52:18 - [TEST_STEP][PASSED] - verifyEqual: Actual object 'Ayushmaan' and expected object 'Ayushmaan' are equal

2018-12-05 15:52:18 - [MESSAGE][PASSED] - Text of object 'Object Repository/Dashboard_Widgets/Dashboard_MyProfile/div_Ayushmaan' is: 'Ayushmaan'

2018-12-05 15:52:18 - [MESSAGE][PASSED] - Actual object 'Ayushmaan' and expected object 'Ayushmaan' are equal

2018-12-05 15:52:18 - [TEST_STEP][PASSED] - verifyEqual: Actual object 'Last :' and expected object 'Last :' are equal

2018-12-05 15:52:18 - [MESSAGE][PASSED] - Text of object 'Object Repository/Dashboard_Widgets/Dashboard_MyProfile/div_Last' is: 'Last :'

2018-12-05 15:52:18 - [MESSAGE][PASSED] - Actual object 'Last :' and expected object 'Last :' are equal

2018-12-05 15:52:18 - [TEST_STEP][PASSED] - verifyEqual: Actual object 'Agarwal' and expected object 'Agarwal' are equal

2018-12-05 15:52:18 - [MESSAGE][PASSED] - Text of object 'Object Repository/Dashboard_Widgets/Dashboard_MyProfile/div_Agarwal' is: 'Agarwal'

2018-12-05 15:52:18 - [MESSAGE][PASSED] - Actual object 'Agarwal' and expected object 'Agarwal' are equal

2018-12-05 15:52:18 - [TEST_STEP][PASSED] - verifyEqual: Actual object 'Job Desc :' and expected object 'Job Desc :' are equal

2018-12-05 15:52:19 - [MESSAGE][PASSED] - Text of object 'Object Repository/Dashboard_Widgets/Dashboard_MyProfile/div_Job Desc' is: 'Job Desc :'

2018-12-05 15:52:19 - [MESSAGE][PASSED] - Actual object 'Job Desc :' and expected object 'Job Desc :' are equal

2018-12-05 15:52:19 - [TEST_STEP][PASSED] - verifyEqual: Actual object 'Associate Manager - Sales' and expected object 'Associate Manager - Sales' are equal

2018-12-05 15:52:19 - [MESSAGE][PASSED] - Text of object 'Object Repository/Dashboard_Widgets/Dashboard_MyProfile/div_Associate Manager - Sales' is: 'Associate Manager - Sales'

2018-12-05 15:52:19 - [MESSAGE][PASSED] - Actual object 'Associate Manager - Sales' and expected object 'Associate Manager - Sales' are equal

2018-12-05 15:52:19 - [TEST_STEP][PASSED] - verifyEqual: Actual object 'Manager :' and expected object 'Manager :' are equal

2018-12-05 15:52:19 - [MESSAGE][PASSED] - Text of object 'Object Repository/Dashboard_Widgets/Dashboard_MyProfile/div_Manager' is: 'Manager :'

2018-12-05 15:52:19 - [MESSAGE][PASSED] - Actual object 'Manager :' and expected object 'Manager :' are equal

2018-12-05 15:52:19 - [TEST_STEP][PASSED] - verifyEqual: Actual object 'Hiral Somaiya' and expected object 'Hiral Somaiya' are equal

2018-12-05 15:52:19 - [MESSAGE][PASSED] - Text of object 'Object Repository/Dashboard_Widgets/Dashboard_MyProfile/div_Hiral Somaiya' is: 'Hiral Somaiya'

2018-12-05 15:52:19 - [MESSAGE][PASSED] - Actual object 'Hiral Somaiya' and expected object 'Hiral Somaiya' are equal

2018-12-05 15:52:19 - [TEST_STEP][PASSED] - verifyEqual: Actual object 'PDT :' and expected object 'PDT :' are equal

2018-12-05 15:52:19 - [MESSAGE][PASSED] - Text of object 'Object Repository/Dashboard_Widgets/Dashboard_MyProfile/div_PDT' is: 'PDT :'

2018-12-05 15:52:19 - [MESSAGE][PASSED] - Actual object 'PDT :' and expected object 'PDT :' are equal

2018-12-05 15:52:19 - [TEST_STEP][PASSED] - verifyEqual: Actual object 'APGUAR-IN' and expected object 'APGUAR-IN' are equal

2018-12-05 15:52:19 - [MESSAGE][PASSED] - Text of object 'Object Repository/Dashboard_Widgets/Dashboard_MyProfile/div_APGUAR-IN' is: 'APGUAR-IN'

2018-12-05 15:52:19 - [MESSAGE][PASSED] - Actual object 'APGUAR-IN' and expected object 'APGUAR-IN' are equal]]></system-out>
         <system-err><![CDATA[]]></system-err>
      </testcase>
      <testcase name="Test Cases/Dashboard_Lenovo/Dashboard_widgets/Widget3_Percent_of_TI" classname="Test Cases/Dashboard_Lenovo/Dashboard_widgets/Widget3_Percent_of_TI" status="PASSED">
         <system-out><![CDATA[2018-12-05 15:52:19 - [TEST_CASE][PASSED] - Test Cases/Dashboard_Lenovo/Dashboard_widgets/Widget3_Percent_of_TI: Test Cases/Dashboard_Lenovo/Dashboard_widgets/Widget3_Percent_of_TI

2018-12-05 15:52:19 - [TEST_STEP][PASSED] - mouseOver: Object: 'Object Repository/Dashboard_Widgets/Dashboard_Percent_of_TI/span_Percent of TI' is hovered

2018-12-05 15:52:19 - [MESSAGE][PASSED] - Object: 'Object Repository/Dashboard_Widgets/Dashboard_Percent_of_TI/span_Percent of TI' is hovered

2018-12-05 15:52:19 - [TEST_STEP][PASSED] - verifyElementText: Actual text and expected text of test object 'Object Repository/Dashboard_Widgets/Dashboard_Percent_of_TI/span_Percent of TI' are matched.

2018-12-05 15:52:20 - [MESSAGE][PASSED] - Actual text and expected text of test object 'Object Repository/Dashboard_Widgets/Dashboard_Percent_of_TI/span_Percent of TI' are matched.

2018-12-05 15:52:20 - [TEST_STEP][PASSED] - verifyEqual: Actual object '0.00%' and expected object '0.00%' are equal

2018-12-05 15:52:20 - [MESSAGE][PASSED] - Text of object 'Object Repository/Dashboard_Widgets/Dashboard_Percent_of_TI/Percent_of_TI_value' is: '0.00%'

2018-12-05 15:52:20 - [MESSAGE][PASSED] - Actual object '0.00%' and expected object '0.00%' are equal

2018-12-05 15:52:20 - [TEST_STEP][PASSED] - verifyEqual: Actual object '117,472.75' and expected object '117,472.75' are equal

2018-12-05 15:52:20 - [MESSAGE][PASSED] - Text of object 'Object Repository/Dashboard_Widgets/Dashboard_Percent_of_TI/Target_value' is: '117,472.75'

2018-12-05 15:52:20 - [MESSAGE][PASSED] - Actual object '117,472.75' and expected object '117,472.75' are equal

2018-12-05 15:52:20 - [TEST_STEP][PASSED] - verifyEqual: Actual object '0.00' and expected object '0' are equal

2018-12-05 15:52:20 - [MESSAGE][PASSED] - Text of object 'Object Repository/Dashboard_Widgets/Dashboard_Percent_of_TI/Achivement_val' is: '0.00'

2018-12-05 15:52:20 - [MESSAGE][PASSED] - Actual object '0.00' and expected object '0' are equal]]></system-out>
         <system-err><![CDATA[]]></system-err>
      </testcase>
      <testcase name="Test Cases/Dashboard_Lenovo/Dashboard_widgets/Widget4_Element_1_Attainment" classname="Test Cases/Dashboard_Lenovo/Dashboard_widgets/Widget4_Element_1_Attainment" status="PASSED">
         <system-out><![CDATA[2018-12-05 15:52:20 - [TEST_CASE][PASSED] - Test Cases/Dashboard_Lenovo/Dashboard_widgets/Widget4_Element_1_Attainment: Test Cases/Dashboard_Lenovo/Dashboard_widgets/Widget4_Element_1_Attainment

2018-12-05 15:52:20 - [TEST_STEP][PASSED] - mouseOver: Object: 'Object Repository/Dashboard_Widgets/Dashboard_Element_1_Attainment/span_Element 1 Attainment' is hovered

2018-12-05 15:52:20 - [MESSAGE][PASSED] - Object: 'Object Repository/Dashboard_Widgets/Dashboard_Element_1_Attainment/span_Element 1 Attainment' is hovered

2018-12-05 15:52:20 - [TEST_STEP][PASSED] - verifyEqual: Actual object '0.00%' and expected object '0.00%' are equal

2018-12-05 15:52:20 - [MESSAGE][PASSED] - Text of object 'Object Repository/Dashboard_Widgets/Dashboard_Element_1_Attainment/Element1_val' is: '0.00%'

2018-12-05 15:52:20 - [MESSAGE][PASSED] - Actual object '0.00%' and expected object '0.00%' are equal

2018-12-05 15:52:20 - [TEST_STEP][PASSED] - verifyElementText: Actual text and expected text of test object 'Object Repository/Dashboard_Widgets/Dashboard_Element_1_Attainment/span_Element 1 Attainment' are matched.

2018-12-05 15:52:20 - [MESSAGE][PASSED] - Actual text and expected text of test object 'Object Repository/Dashboard_Widgets/Dashboard_Element_1_Attainment/span_Element 1 Attainment' are matched.

2018-12-05 15:52:20 - [TEST_STEP][PASSED] - verifyEqual: Actual object '' and expected object '' are equal

2018-12-05 15:52:20 - [MESSAGE][PASSED] - Text of object 'Object Repository/Dashboard_Widgets/Dashboard_Element_1_Attainment/Quota_val' is: ''

2018-12-05 15:52:20 - [MESSAGE][PASSED] - Actual object '' and expected object '' are equal

2018-12-05 15:52:20 - [TEST_STEP][PASSED] - verifyEqual: Actual object '' and expected object '' are equal

2018-12-05 15:52:21 - [MESSAGE][PASSED] - Text of object 'Object Repository/Dashboard_Widgets/Dashboard_Element_1_Attainment/Attainment_val' is: ''

2018-12-05 15:52:21 - [MESSAGE][PASSED] - Actual object '' and expected object '' are equal]]></system-out>
         <system-err><![CDATA[]]></system-err>
      </testcase>
      <testcase name="Test Cases/Dashboard_Lenovo/Dashboard_widgets/Widget7_attainment and quota/Widget7_1_QTD_CPSandELEMENT1DATA" classname="Test Cases/Dashboard_Lenovo/Dashboard_widgets/Widget7_attainment and quota/Widget7_1_QTD_CPSandELEMENT1DATA" status="PASSED">
         <system-out><![CDATA[2018-12-05 15:52:21 - [TEST_CASE][PASSED] - Test Cases/Dashboard_Lenovo/Dashboard_widgets/Widget7_attainment and quota/Widget7_1_QTD_CPSandELEMENT1DATA: Test Cases/Dashboard_Lenovo/Dashboard_widgets/Widget7_attainment and quota/Widget7_1_QTD_CPSandELEMENT1DATA

2018-12-05 15:52:21 - [TEST_STEP][PASSED] - mouseOver: Object: 'Object Repository/Dashboard_Widgets/Dashboard_Attainment_and_quota_by _Quarter/Attainment and Quota by Q' is hovered

2018-12-05 15:52:21 - [MESSAGE][PASSED] - Object: 'Object Repository/Dashboard_Widgets/Dashboard_Attainment_and_quota_by _Quarter/Attainment and Quota by Q' is hovered

2018-12-05 15:52:21 - [TEST_STEP][PASSED] - verifyElementText: Actual text and expected text of test object 'Object Repository/Dashboard_Widgets/Dashboard_Attainment_and_quota_by _Quarter/Attainment and Quota by Q' are matched.

2018-12-05 15:52:21 - [MESSAGE][PASSED] - Actual text and expected text of test object 'Object Repository/Dashboard_Widgets/Dashboard_Attainment_and_quota_by _Quarter/Attainment and Quota by Q' are matched.

2018-12-05 15:52:21 - [TEST_STEP][PASSED] - verifyEqual: Actual object '1Q19' and expected object '1Q19' are equal

2018-12-05 15:52:21 - [MESSAGE][PASSED] - Text of object 'Object Repository/Dashboard_Widgets/Dashboard_Attainment_and_quota_by _Quarter/YearlyPeriods' is: '1Q19'

2018-12-05 15:52:21 - [MESSAGE][PASSED] - Actual object '1Q19' and expected object '1Q19' are equal

2018-12-05 15:52:21 - [TEST_STEP][PASSED] - verifyEqual: Actual object 'QTD CPS' and expected object 'QTD CPS' are equal

2018-12-05 15:52:21 - [MESSAGE][PASSED] - Text of object 'Object Repository/Dashboard_Widgets/Dashboard_Attainment_and_quota_by _Quarter/td_QTD CPS' is: 'QTD CPS'

2018-12-05 15:52:21 - [MESSAGE][PASSED] - Actual object 'QTD CPS' and expected object 'QTD CPS' are equal

2018-12-05 15:52:21 - [TEST_STEP][PASSED] - verifyEqual: Actual object '0.00%' and expected object '0.00%' are equal

2018-12-05 15:52:21 - [MESSAGE][PASSED] - Text of object 'Object Repository/Dashboard_Widgets/Dashboard_Attainment_and_quota_by _Quarter/Qtd cps' is: '0.00%'

2018-12-05 15:52:21 - [MESSAGE][PASSED] - Actual object '0.00%' and expected object '0.00%' are equal

2018-12-05 15:52:21 - [TEST_STEP][PASSED] - verifyEqual: Actual object 'Element 1 Quota' and expected object 'Element 1 Quota' are equal

2018-12-05 15:52:21 - [MESSAGE][PASSED] - Text of object 'Object Repository/Dashboard_Widgets/Dashboard_Attainment_and_quota_by _Quarter/td_Element 1 Quota' is: 'Element 1 Quota'

2018-12-05 15:52:21 - [MESSAGE][PASSED] - Actual object 'Element 1 Quota' and expected object 'Element 1 Quota' are equal

2018-12-05 15:52:21 - [TEST_STEP][PASSED] - verifyEqual: Actual object '0.00' and expected object '0' are equal

2018-12-05 15:52:21 - [MESSAGE][PASSED] - Text of object 'Object Repository/Dashboard_Widgets/Dashboard_Attainment_and_quota_by _Quarter/Element Quota' is: '0.00'

2018-12-05 15:52:21 - [MESSAGE][PASSED] - Actual object '0.00' and expected object '0' are equal

2018-12-05 15:52:21 - [TEST_STEP][PASSED] - verifyEqual: Actual object 'Element 1 Attainment' and expected object 'Element 1 Attainment' are equal

2018-12-05 15:52:21 - [MESSAGE][PASSED] - Text of object 'Object Repository/Dashboard_Widgets/Dashboard_Attainment_and_quota_by _Quarter/td_Element 1 Attainment' is: 'Element 1 Attainment'

2018-12-05 15:52:21 - [MESSAGE][PASSED] - Actual object 'Element 1 Attainment' and expected object 'Element 1 Attainment' are equal

2018-12-05 15:52:21 - [TEST_STEP][PASSED] - verifyEqual: Actual object '0.00' and expected object '0' are equal

2018-12-05 15:52:22 - [MESSAGE][PASSED] - Text of object 'Object Repository/Dashboard_Widgets/Dashboard_Attainment_and_quota_by _Quarter/Element1 Attainment' is: '0.00'

2018-12-05 15:52:22 - [MESSAGE][PASSED] - Actual object '0.00' and expected object '0' are equal

2018-12-05 15:52:22 - [TEST_STEP][PASSED] - verifyEqual: Actual object 'Element 1 Attainment %' and expected object 'Element 1 Attainment %' are equal

2018-12-05 15:52:22 - [MESSAGE][PASSED] - Text of object 'Object Repository/Dashboard_Widgets/Dashboard_Attainment_and_quota_by _Quarter/td_Element 1 AttainmentPercentage' is: 'Element 1 Attainment %'

2018-12-05 15:52:22 - [MESSAGE][PASSED] - Actual object 'Element 1 Attainment %' and expected object 'Element 1 Attainment %' are equal

2018-12-05 15:52:22 - [TEST_STEP][PASSED] - verifyEqual: Actual object '0.00%' and expected object '0.00%' are equal

2018-12-05 15:52:22 - [MESSAGE][PASSED] - Text of object 'Object Repository/Dashboard_Widgets/Dashboard_Attainment_and_quota_by _Quarter/Percentage of Element1 attainment' is: '0.00%'

2018-12-05 15:52:22 - [MESSAGE][PASSED] - Actual object '0.00%' and expected object '0.00%' are equal]]></system-out>
         <system-err><![CDATA[]]></system-err>
      </testcase>
      <testcase name="Test Cases/Dashboard_Lenovo/Dashboard_widgets/Widget8_currentyearpayments" classname="Test Cases/Dashboard_Lenovo/Dashboard_widgets/Widget8_currentyearpayments" status="PASSED">
         <system-out><![CDATA[2018-12-05 15:52:22 - [TEST_CASE][PASSED] - Test Cases/Dashboard_Lenovo/Dashboard_widgets/Widget8_currentyearpayments: Test Cases/Dashboard_Lenovo/Dashboard_widgets/Widget8_currentyearpayments

2018-12-05 15:52:22 - [TEST_STEP][PASSED] - mouseOver: Object: 'Object Repository/Dashboard_Widgets/Dashbaoard_currentyearpayments/Current_YearPayments' is hovered

2018-12-05 15:52:22 - [MESSAGE][PASSED] - Object: 'Object Repository/Dashboard_Widgets/Dashbaoard_currentyearpayments/Current_YearPayments' is hovered

2018-12-05 15:52:22 - [TEST_STEP][PASSED] - verifyElementText: Actual text and expected text of test object 'Object Repository/Dashboard_Widgets/Dashbaoard_currentyearpayments/Current_YearPayments' are matched.

2018-12-05 15:52:22 - [MESSAGE][PASSED] - Actual text and expected text of test object 'Object Repository/Dashboard_Widgets/Dashbaoard_currentyearpayments/Current_YearPayments' are matched.]]></system-out>
         <system-err><![CDATA[]]></system-err>
      </testcase>
      <system-out><![CDATA[2018-12-05 15:50:21 - [TEST_SUITE][PASSED] - Gauranteeplan1: Test Cases/Dashboard_Lenovo/Dashboard_widgets/Widget8_currentyearpayments]]></system-out>
      <system-err><![CDATA[]]></system-err>
   </testsuite>
</testsuites>
