<?xml version="1.0" encoding="UTF-8"?>
<testsuites name="Mutliple_PlansExecution" time="40" tests="2" failures="0" errors="0">
   <testsuite name="Mutliple_PlansExecution" tests="2" failures="0" errors="0" time="40" timestamp="2018-12-03 18:03:13" hostname="rkulkarn - 41XHMV1-E6330.callidussoftware.com" id="Test Suites/Mutliple_PlansExecution">
      <properties>
         <property name="deviceName" value=""/>
         <property name="devicePlatform" value=""/>
         <property name="logFolder" value="C:\\Users\\rkulkarn\\git\\Dashboard\\Reports\\Mutliple_PlansExecution\\20181203_180308"/>
         <property name="logFiles" value="C:\\Users\\rkulkarn\\git\\Dashboard\\Reports\\Mutliple_PlansExecution\\20181203_180308\\execution0.log"/>
         <property name="attachments" value=""/>
         <property name="hostName" value="rkulkarn - 41XHMV1-E6330.callidussoftware.com"/>
         <property name="os" value="Windows 10 64bit"/>
         <property name="katalonVersion" value="5.7.0.1"/>
         <property name="browser" value="Chrome 70.0.3538.110"/>
         <property name="hostAddress" value="192.168.241.28"/>
         <property name="sessionId" value="3772ab435668eae04c4674105395a276"/>
         <property name="seleniumVersion" value="3.7.1"/>
         <property name="proxyInformation" value="ProxyInformation{proxyOption=NO_PROXY, proxyServerType=HTTP, password=, proxyServerAddress=, proxyServerPort=0}"/>
         <property name="platform" value="Windows 10"/>
      </properties>
      <testcase name="Test Cases/Dashboard_Lenovo/Dashboard_login" classname="Test Cases/Dashboard_Lenovo/Dashboard_login" status="PASSED">
         <system-out><![CDATA[2018-12-03 18:03:14 - [TEST_CASE][PASSED] - Test Cases/Dashboard_Lenovo/Dashboard_login: Test Cases/Dashboard_Lenovo/Dashboard_login

2018-12-03 18:03:14 - [TEST_STEP][PASSED] - openBrowser: Browser is opened with url: ''

2018-12-03 18:03:19 - [MESSAGE][PASSED] - Browser is opened with url: ''

2018-12-03 18:03:19 - [TEST_STEP][PASSED] - navigateToUrl: Navigate to 'https://lnvo-muat.callidusondemand.com/SalesPortal/#!/' successfully

2018-12-03 18:03:24 - [MESSAGE][PASSED] - Navigate to 'https://lnvo-muat.callidusondemand.com/SalesPortal/#!/' successfully

2018-12-03 18:03:24 - [TEST_STEP][PASSED] - maximizeWindow: Current window maximized

2018-12-03 18:03:26 - [MESSAGE][PASSED] - Current window maximized

2018-12-03 18:03:26 - [TEST_STEP][PASSED] - delay: Delayed 3 second(s)

2018-12-03 18:03:29 - [MESSAGE][PASSED] - Delayed 3 second(s)

2018-12-03 18:03:29 - [TEST_STEP][PASSED] - setText: Text 'sapattna' is set on object 'Object Repository/Dashboard_login/input_username'

2018-12-03 18:03:29 - [MESSAGE][PASSED] - Text 'sapattna' is set on object 'Object Repository/Dashboard_login/input_username'

2018-12-03 18:03:29 - [TEST_STEP][PASSED] - delay: Delayed 3 second(s)

2018-12-03 18:03:32 - [MESSAGE][PASSED] - Delayed 3 second(s)

2018-12-03 18:03:32 - [TEST_STEP][PASSED] - setText: Text 'Callidus123' is set on object 'Object Repository/Dashboard_login/input_password'

2018-12-03 18:03:32 - [MESSAGE][PASSED] - Text 'Callidus123' is set on object 'Object Repository/Dashboard_login/input_password'

2018-12-03 18:03:32 - [TEST_STEP][PASSED] - click: Object: 'Object Repository/Dashboard_login/button_Login' is clicked on

2018-12-03 18:03:33 - [MESSAGE][PASSED] - Object: 'Object Repository/Dashboard_login/button_Login' is clicked on]]></system-out>
         <system-err><![CDATA[]]></system-err>
      </testcase>
      <testcase name="Test Cases/Dashboard_Lenovo/Dashboard_Planfloder/Dashboard_Plans" classname="Test Cases/Dashboard_Lenovo/Dashboard_Planfloder/Dashboard_Plans" status="PASSED">
         <system-out><![CDATA[2018-12-03 18:03:33 - [TEST_CASE][PASSED] - Test Cases/Dashboard_Lenovo/Dashboard_Planfloder/Dashboard_Plans: Test Cases/Dashboard_Lenovo/Dashboard_Planfloder/Dashboard_Plans

2018-12-03 18:03:33 - [TEST_STEP][PASSED] - Statement - java.lang.Thread.sleep(3000): null

2018-12-03 18:03:36 - [TEST_STEP][PASSED] - click: Object: 'Object Repository/Dashboard_Plan/a_Dashboards' is clicked on

2018-12-03 18:03:37 - [MESSAGE][PASSED] - Object: 'Object Repository/Dashboard_Plan/a_Dashboards' is clicked on

2018-12-03 18:03:37 - [TEST_STEP][PASSED] - delay: Delayed 1 second(s)

2018-12-03 18:03:38 - [MESSAGE][PASSED] - Delayed 1 second(s)

2018-12-03 18:03:38 - [TEST_STEP][PASSED] - click: Object: 'Object Repository/Dashboard_Plan/input_Search_form-control ng-p' is clicked on

2018-12-03 18:03:38 - [MESSAGE][PASSED] - Object: 'Object Repository/Dashboard_Plan/input_Search_form-control ng-p' is clicked on

2018-12-03 18:03:38 - [TEST_STEP][PASSED] - setText: Text 'AP Guarantee plan-1 Element' is set on object 'Object Repository/Dashboard_Plan/input_Search_form-control ng-p'

2018-12-03 18:03:39 - [MESSAGE][PASSED] - Text 'AP Guarantee plan-1 Element' is set on object 'Object Repository/Dashboard_Plan/input_Search_form-control ng-p'

2018-12-03 18:03:39 - [TEST_STEP][PASSED] - globalkeywords.record.RecordNotFound: globalkeywords.record.RecordNotFound is PASSED

2018-12-03 18:03:51 - [MESSAGE][WARNING] - Object 'Object Repository/No_Results_Found/span_No results found.' is not present after 10 second(s)

2018-12-03 18:03:51 - [MESSAGE][PASSED] - globalkeywords.record.RecordNotFound is PASSED

2018-12-03 18:03:51 - [TEST_STEP][PASSED] - Statement - myobj = new com.kms.katalon.core.testobject.TestObject(Dynamic Boject): null

2018-12-03 18:03:51 - [TEST_STEP][PASSED] - Statement - plansearch = Plans: null

2018-12-03 18:03:51 - [TEST_STEP][PASSED] - Statement - xpath = "//span[normalize-space(text())="" + plansearch + ""]": null

2018-12-03 18:03:51 - [TEST_STEP][PASSED] - Statement - myobj.addProperty("xpath", EQUALS, xpath): null

2018-12-03 18:03:51 - [TEST_STEP][PASSED] - Statement - java.lang.Thread.sleep(2000): null

2018-12-03 18:03:53 - [TEST_STEP][PASSED] - click: Object: 'Dynamic Boject' is clicked on

2018-12-03 18:03:53 - [MESSAGE][PASSED] - Object: 'Dynamic Boject' is clicked on]]></system-out>
         <system-err><![CDATA[]]></system-err>
      </testcase>
      <system-out><![CDATA[2018-12-03 18:03:13 - [TEST_SUITE][PASSED] - Mutliple_PlansExecution: Test Cases/Dashboard_Lenovo/Dashboard_Planfloder/Dashboard_Plans]]></system-out>
      <system-err><![CDATA[]]></system-err>
   </testsuite>
</testsuites>
